mode: set
github.com/krisarmstrong/niac-go/pkg/capture/capture.go:22.65,30.16 2 1
github.com/krisarmstrong/niac-go/pkg/capture/capture.go:30.16,32.3 1 1
github.com/krisarmstrong/niac-go/pkg/capture/capture.go:34.2,38.8 1 0
github.com/krisarmstrong/niac-go/pkg/capture/capture.go:42.26,43.21 1 0
github.com/krisarmstrong/niac-go/pkg/capture/capture.go:43.21,45.3 1 0
github.com/krisarmstrong/niac-go/pkg/capture/capture.go:49.50,50.57 1 0
github.com/krisarmstrong/niac-go/pkg/capture/capture.go:50.57,52.3 1 0
github.com/krisarmstrong/niac-go/pkg/capture/capture.go:54.2,54.23 1 0
github.com/krisarmstrong/niac-go/pkg/capture/capture.go:54.23,56.3 1 0
github.com/krisarmstrong/niac-go/pkg/capture/capture.go:58.2,58.12 1 0
github.com/krisarmstrong/niac-go/pkg/capture/capture.go:62.94,77.92 4 0
github.com/krisarmstrong/niac-go/pkg/capture/capture.go:77.92,79.3 1 0
github.com/krisarmstrong/niac-go/pkg/capture/capture.go:81.2,81.34 1 0
github.com/krisarmstrong/niac-go/pkg/capture/capture.go:86.60,88.16 2 0
github.com/krisarmstrong/niac-go/pkg/capture/capture.go:88.16,90.3 1 0
github.com/krisarmstrong/niac-go/pkg/capture/capture.go:93.2,93.30 1 0
github.com/krisarmstrong/niac-go/pkg/capture/capture.go:93.30,96.3 2 0
github.com/krisarmstrong/niac-go/pkg/capture/capture.go:98.2,98.18 1 0
github.com/krisarmstrong/niac-go/pkg/capture/capture.go:102.68,105.23 2 0
github.com/krisarmstrong/niac-go/pkg/capture/capture.go:105.23,107.3 1 0
github.com/krisarmstrong/niac-go/pkg/capture/capture.go:109.2,109.45 1 0
github.com/krisarmstrong/niac-go/pkg/capture/capture.go:109.45,111.3 1 0
github.com/krisarmstrong/niac-go/pkg/capture/capture.go:113.2,113.12 1 0
github.com/krisarmstrong/niac-go/pkg/capture/capture.go:117.49,119.2 1 0
github.com/krisarmstrong/niac-go/pkg/capture/capture.go:122.47,124.16 2 0
github.com/krisarmstrong/niac-go/pkg/capture/capture.go:124.16,126.3 1 0
github.com/krisarmstrong/niac-go/pkg/capture/capture.go:127.2,127.19 1 0
github.com/krisarmstrong/niac-go/pkg/capture/capture.go:131.92,133.15 2 0
github.com/krisarmstrong/niac-go/pkg/capture/capture.go:133.15,135.3 1 0
github.com/krisarmstrong/niac-go/pkg/capture/capture.go:137.2,161.70 5 0
github.com/krisarmstrong/niac-go/pkg/capture/capture.go:161.70,163.3 1 0
github.com/krisarmstrong/niac-go/pkg/capture/capture.go:165.2,165.34 1 0
github.com/krisarmstrong/niac-go/pkg/capture/capture.go:169.52,171.16 2 0
github.com/krisarmstrong/niac-go/pkg/capture/capture.go:171.16,173.3 1 0
github.com/krisarmstrong/niac-go/pkg/capture/capture.go:176.2,176.39 1 0
github.com/krisarmstrong/niac-go/pkg/capture/capture.go:176.39,177.31 1 0
github.com/krisarmstrong/niac-go/pkg/capture/capture.go:177.31,179.4 1 0
github.com/krisarmstrong/niac-go/pkg/capture/capture.go:182.2,182.82 1 0
github.com/krisarmstrong/niac-go/pkg/capture/capture.go:194.56,202.40 2 1
github.com/krisarmstrong/niac-go/pkg/capture/capture.go:202.40,204.3 1 1
github.com/krisarmstrong/niac-go/pkg/capture/capture.go:207.2,208.12 2 1
github.com/krisarmstrong/niac-go/pkg/capture/capture.go:208.12,209.7 1 1
github.com/krisarmstrong/niac-go/pkg/capture/capture.go:209.7,210.11 1 1
github.com/krisarmstrong/niac-go/pkg/capture/capture.go:211.23,212.12 1 1
github.com/krisarmstrong/niac-go/pkg/capture/capture.go:213.34,213.34 0 1
github.com/krisarmstrong/niac-go/pkg/capture/capture.go:214.13,214.13 0 0
github.com/krisarmstrong/niac-go/pkg/capture/capture.go:217.19,218.11 1 1
github.com/krisarmstrong/niac-go/pkg/capture/capture.go:223.2,223.11 1 1
github.com/krisarmstrong/niac-go/pkg/capture/capture.go:227.31,229.2 1 1
github.com/krisarmstrong/niac-go/pkg/capture/capture.go:232.31,235.2 2 1
github.com/krisarmstrong/niac-go/pkg/capture/interfaces.go:11.40,13.16 2 1
github.com/krisarmstrong/niac-go/pkg/capture/interfaces.go:13.16,16.3 2 0
github.com/krisarmstrong/niac-go/pkg/capture/interfaces.go:18.2,18.33 1 1
github.com/krisarmstrong/niac-go/pkg/capture/interfaces.go:18.33,19.26 1 1
github.com/krisarmstrong/niac-go/pkg/capture/interfaces.go:19.26,21.4 1 1
github.com/krisarmstrong/niac-go/pkg/capture/interfaces.go:23.2,23.14 1 1
github.com/krisarmstrong/niac-go/pkg/capture/interfaces.go:27.23,29.16 2 1
github.com/krisarmstrong/niac-go/pkg/capture/interfaces.go:29.16,32.3 2 0
github.com/krisarmstrong/niac-go/pkg/capture/interfaces.go:34.2,34.23 1 1
github.com/krisarmstrong/niac-go/pkg/capture/interfaces.go:34.23,37.3 2 0
github.com/krisarmstrong/niac-go/pkg/capture/interfaces.go:39.2,39.33 1 1
github.com/krisarmstrong/niac-go/pkg/capture/interfaces.go:39.33,41.31 2 1
github.com/krisarmstrong/niac-go/pkg/capture/interfaces.go:41.31,43.4 1 0
github.com/krisarmstrong/niac-go/pkg/capture/interfaces.go:44.3,46.32 2 1
github.com/krisarmstrong/niac-go/pkg/capture/interfaces.go:46.32,47.42 1 1
github.com/krisarmstrong/niac-go/pkg/capture/interfaces.go:47.42,49.28 2 1
github.com/krisarmstrong/niac-go/pkg/capture/interfaces.go:49.28,51.6 1 1
github.com/krisarmstrong/niac-go/pkg/capture/interfaces.go:52.5,52.18 1 1
github.com/krisarmstrong/niac-go/pkg/capture/interfaces.go:59.57,61.16 2 1
github.com/krisarmstrong/niac-go/pkg/capture/interfaces.go:61.16,63.3 1 0
github.com/krisarmstrong/niac-go/pkg/capture/interfaces.go:65.2,65.33 1 1
github.com/krisarmstrong/niac-go/pkg/capture/interfaces.go:65.33,66.26 1 1
github.com/krisarmstrong/niac-go/pkg/capture/interfaces.go:66.26,68.4 1 1
github.com/krisarmstrong/niac-go/pkg/capture/interfaces.go:71.2,71.56 1 1
github.com/krisarmstrong/niac-go/pkg/capture/playback.go:33.112,40.2 1 0
github.com/krisarmstrong/niac-go/pkg/capture/playback.go:43.40,44.21 1 0
github.com/krisarmstrong/niac-go/pkg/capture/playback.go:44.21,46.3 1 0
github.com/krisarmstrong/niac-go/pkg/capture/playback.go:49.2,49.54 1 0
github.com/krisarmstrong/niac-go/pkg/capture/playback.go:49.54,51.3 1 0
github.com/krisarmstrong/niac-go/pkg/capture/playback.go:53.2,54.15 2 0
github.com/krisarmstrong/niac-go/pkg/capture/playback.go:54.15,57.3 2 0
github.com/krisarmstrong/niac-go/pkg/capture/playback.go:58.2,61.23 3 0
github.com/krisarmstrong/niac-go/pkg/capture/playback.go:61.23,63.58 2 0
github.com/krisarmstrong/niac-go/pkg/capture/playback.go:63.58,65.4 1 0
github.com/krisarmstrong/niac-go/pkg/capture/playback.go:66.3,66.28 1 0
github.com/krisarmstrong/niac-go/pkg/capture/playback.go:66.28,68.4 1 0
github.com/krisarmstrong/niac-go/pkg/capture/playback.go:72.2,75.12 3 0
github.com/krisarmstrong/niac-go/pkg/capture/playback.go:79.33,81.16 2 0
github.com/krisarmstrong/niac-go/pkg/capture/playback.go:81.16,84.3 2 0
github.com/krisarmstrong/niac-go/pkg/capture/playback.go:85.2,91.23 5 0
github.com/krisarmstrong/niac-go/pkg/capture/playback.go:91.23,93.3 1 0
github.com/krisarmstrong/niac-go/pkg/capture/playback.go:97.41,101.27 2 0
github.com/krisarmstrong/niac-go/pkg/capture/playback.go:101.27,110.7 5 0
github.com/krisarmstrong/niac-go/pkg/capture/playback.go:110.7,111.11 1 0
github.com/krisarmstrong/niac-go/pkg/capture/playback.go:112.20,113.17 1 0
github.com/krisarmstrong/niac-go/pkg/capture/playback.go:114.22,115.11 1 0
github.com/krisarmstrong/niac-go/pkg/capture/playback.go:118.8,121.3 1 0
github.com/krisarmstrong/niac-go/pkg/capture/playback.go:125.37,128.16 2 0
github.com/krisarmstrong/niac-go/pkg/capture/playback.go:128.16,129.24 1 0
github.com/krisarmstrong/niac-go/pkg/capture/playback.go:129.24,131.4 1 0
github.com/krisarmstrong/niac-go/pkg/capture/playback.go:132.3,132.9 1 0
github.com/krisarmstrong/niac-go/pkg/capture/playback.go:135.2,135.23 1 0
github.com/krisarmstrong/niac-go/pkg/capture/playback.go:135.23,136.24 1 0
github.com/krisarmstrong/niac-go/pkg/capture/playback.go:136.24,138.4 1 0
github.com/krisarmstrong/niac-go/pkg/capture/playback.go:139.3,139.9 1 0
github.com/krisarmstrong/niac-go/pkg/capture/playback.go:142.2,142.23 1 0
github.com/krisarmstrong/niac-go/pkg/capture/playback.go:142.23,144.3 1 0
github.com/krisarmstrong/niac-go/pkg/capture/playback.go:147.2,150.30 3 0
github.com/krisarmstrong/niac-go/pkg/capture/playback.go:150.30,152.10 1 0
github.com/krisarmstrong/niac-go/pkg/capture/playback.go:153.21,154.10 1 0
github.com/krisarmstrong/niac-go/pkg/capture/playback.go:155.11,155.11 0 0
github.com/krisarmstrong/niac-go/pkg/capture/playback.go:159.3,162.24 2 0
github.com/krisarmstrong/niac-go/pkg/capture/playback.go:162.24,163.11 1 0
github.com/krisarmstrong/niac-go/pkg/capture/playback.go:164.37,164.37 0 0
github.com/krisarmstrong/niac-go/pkg/capture/playback.go:165.22,166.11 1 0
github.com/krisarmstrong/niac-go/pkg/capture/playback.go:171.3,171.55 1 0
github.com/krisarmstrong/niac-go/pkg/capture/playback.go:171.55,172.25 1 0
github.com/krisarmstrong/niac-go/pkg/capture/playback.go:172.25,174.5 1 0
github.com/krisarmstrong/niac-go/pkg/capture/playback.go:175.9,175.31 1 0
github.com/krisarmstrong/niac-go/pkg/capture/playback.go:175.31,177.4 1 0
github.com/krisarmstrong/niac-go/pkg/capture/playback.go:180.2,180.23 1 0
github.com/krisarmstrong/niac-go/pkg/capture/playback.go:180.23,183.3 2 0
github.com/krisarmstrong/niac-go/pkg/capture/playback.go:187.63,190.16 2 0
github.com/krisarmstrong/niac-go/pkg/capture/playback.go:190.16,192.3 1 0
github.com/krisarmstrong/niac-go/pkg/capture/playback.go:193.2,200.45 4 0
github.com/krisarmstrong/niac-go/pkg/capture/playback.go:200.45,201.20 1 0
github.com/krisarmstrong/niac-go/pkg/capture/playback.go:201.20,202.9 1 0
github.com/krisarmstrong/niac-go/pkg/capture/playback.go:206.3,210.33 2 0
github.com/krisarmstrong/niac-go/pkg/capture/playback.go:213.2,213.21 1 0
github.com/krisarmstrong/niac-go/pkg/capture/playback.go:218.119,223.57 2 0
github.com/krisarmstrong/niac-go/pkg/capture/playback.go:223.57,225.3 1 0
github.com/krisarmstrong/niac-go/pkg/capture/playback.go:228.2,232.27 3 0
github.com/krisarmstrong/niac-go/pkg/capture/playback.go:232.27,234.3 1 0
github.com/krisarmstrong/niac-go/pkg/capture/playback.go:235.2,235.10 1 0
github.com/krisarmstrong/niac-go/pkg/capture/playback.go:239.43,243.2 3 0
github.com/krisarmstrong/niac-go/pkg/capture/playback.go:246.62,248.2 1 0
github.com/krisarmstrong/niac-go/cmd/niac/completion.go:51.47,52.18 1 0
github.com/krisarmstrong/niac-go/cmd/niac/completion.go:53.15,54.43 1 0
github.com/krisarmstrong/niac-go/cmd/niac/completion.go:55.14,56.42 1 0
github.com/krisarmstrong/niac-go/cmd/niac/completion.go:57.15,58.49 1 0
github.com/krisarmstrong/niac-go/cmd/niac/completion.go:59.21,60.57 1 0
github.com/krisarmstrong/niac-go/cmd/niac/completion.go:65.13,67.2 1 1
github.com/krisarmstrong/niac-go/cmd/niac/config.go:91.13,96.2 4 1
github.com/krisarmstrong/niac-go/cmd/niac/config.go:98.57,103.47 3 0
github.com/krisarmstrong/niac-go/cmd/niac/config.go:103.47,106.3 2 0
github.com/krisarmstrong/niac-go/cmd/niac/config.go:109.2,110.16 2 0
github.com/krisarmstrong/niac-go/cmd/niac/config.go:110.16,113.3 2 0
github.com/krisarmstrong/niac-go/cmd/niac/config.go:116.2,118.19 3 0
github.com/krisarmstrong/niac-go/cmd/niac/config.go:118.19,122.3 3 0
github.com/krisarmstrong/niac-go/cmd/niac/config.go:125.2,126.16 2 0
github.com/krisarmstrong/niac-go/cmd/niac/config.go:126.16,129.3 2 0
github.com/krisarmstrong/niac-go/cmd/niac/config.go:132.2,132.61 1 0
github.com/krisarmstrong/niac-go/cmd/niac/config.go:132.61,135.3 2 0
github.com/krisarmstrong/niac-go/cmd/niac/config.go:137.2,138.47 2 0
github.com/krisarmstrong/niac-go/cmd/niac/config.go:141.55,147.16 4 0
github.com/krisarmstrong/niac-go/cmd/niac/config.go:147.16,150.3 2 0
github.com/krisarmstrong/niac-go/cmd/niac/config.go:152.2,153.16 2 0
github.com/krisarmstrong/niac-go/cmd/niac/config.go:153.16,156.3 2 0
github.com/krisarmstrong/niac-go/cmd/niac/config.go:159.2,162.30 3 0
github.com/krisarmstrong/niac-go/cmd/niac/config.go:162.30,164.3 1 0
github.com/krisarmstrong/niac-go/cmd/niac/config.go:165.2,165.30 1 0
github.com/krisarmstrong/niac-go/cmd/niac/config.go:165.30,167.3 1 0
github.com/krisarmstrong/niac-go/cmd/niac/config.go:169.2,172.29 2 0
github.com/krisarmstrong/niac-go/cmd/niac/config.go:172.29,173.43 1 0
github.com/krisarmstrong/niac-go/cmd/niac/config.go:173.43,176.4 2 0
github.com/krisarmstrong/niac-go/cmd/niac/config.go:180.2,180.29 1 0
github.com/krisarmstrong/niac-go/cmd/niac/config.go:180.29,181.43 1 0
github.com/krisarmstrong/niac-go/cmd/niac/config.go:181.43,184.4 2 0
github.com/krisarmstrong/niac-go/cmd/niac/config.go:188.2,188.35 1 0
github.com/krisarmstrong/niac-go/cmd/niac/config.go:188.35,189.45 1 0
github.com/krisarmstrong/niac-go/cmd/niac/config.go:189.45,190.60 1 0
github.com/krisarmstrong/niac-go/cmd/niac/config.go:190.60,194.5 2 0
github.com/krisarmstrong/niac-go/cmd/niac/config.go:195.4,195.30 1 0
github.com/krisarmstrong/niac-go/cmd/niac/config.go:195.30,199.5 2 0
github.com/krisarmstrong/niac-go/cmd/niac/config.go:203.2,203.17 1 0
github.com/krisarmstrong/niac-go/cmd/niac/config.go:203.17,205.3 1 0
github.com/krisarmstrong/niac-go/cmd/niac/config.go:208.56,214.47 4 0
github.com/krisarmstrong/niac-go/cmd/niac/config.go:214.47,217.3 2 0
github.com/krisarmstrong/niac-go/cmd/niac/config.go:220.2,221.16 2 0
github.com/krisarmstrong/niac-go/cmd/niac/config.go:221.16,224.3 2 0
github.com/krisarmstrong/niac-go/cmd/niac/config.go:227.2,228.16 2 0
github.com/krisarmstrong/niac-go/cmd/niac/config.go:228.16,231.3 2 0
github.com/krisarmstrong/niac-go/cmd/niac/config.go:234.2,240.33 3 0
github.com/krisarmstrong/niac-go/cmd/niac/config.go:240.33,242.3 1 0
github.com/krisarmstrong/niac-go/cmd/niac/config.go:245.2,245.35 1 0
github.com/krisarmstrong/niac-go/cmd/niac/config.go:245.35,246.61 1 0
github.com/krisarmstrong/niac-go/cmd/niac/config.go:246.61,250.4 2 0
github.com/krisarmstrong/niac-go/cmd/niac/config.go:250.9,253.4 1 0
github.com/krisarmstrong/niac-go/cmd/niac/config.go:257.2,257.37 1 0
github.com/krisarmstrong/niac-go/cmd/niac/config.go:257.37,259.3 1 0
github.com/krisarmstrong/niac-go/cmd/niac/config.go:262.2,263.16 2 0
github.com/krisarmstrong/niac-go/cmd/niac/config.go:263.16,266.3 2 0
github.com/krisarmstrong/niac-go/cmd/niac/config.go:269.2,269.61 1 0
github.com/krisarmstrong/niac-go/cmd/niac/config.go:269.61,272.3 2 0
github.com/krisarmstrong/niac-go/cmd/niac/config.go:274.2,277.57 4 0
github.com/krisarmstrong/niac-go/cmd/niac/generate.go:40.13,42.2 1 1
github.com/krisarmstrong/niac-go/cmd/niac/generate.go:64.53,87.27 13 0
github.com/krisarmstrong/niac-go/cmd/niac/generate.go:87.27,89.3 1 0
github.com/krisarmstrong/niac-go/cmd/niac/generate.go:92.2,95.22 4 0
github.com/krisarmstrong/niac-go/cmd/niac/generate.go:95.22,97.3 1 0
github.com/krisarmstrong/niac-go/cmd/niac/generate.go:100.2,113.35 9 0
github.com/krisarmstrong/niac-go/cmd/niac/generate.go:113.35,148.3 19 0
github.com/krisarmstrong/niac-go/cmd/niac/generate.go:151.2,155.19 4 0
github.com/krisarmstrong/niac-go/cmd/niac/generate.go:155.19,157.3 1 0
github.com/krisarmstrong/niac-go/cmd/niac/generate.go:157.8,159.3 1 0
github.com/krisarmstrong/niac-go/cmd/niac/generate.go:162.2,162.47 1 0
github.com/krisarmstrong/niac-go/cmd/niac/generate.go:162.47,164.49 2 0
github.com/krisarmstrong/niac-go/cmd/niac/generate.go:164.49,167.4 2 0
github.com/krisarmstrong/niac-go/cmd/niac/generate.go:171.2,174.76 2 0
github.com/krisarmstrong/niac-go/cmd/niac/generate.go:174.76,177.3 2 0
github.com/krisarmstrong/niac-go/cmd/niac/generate.go:180.2,188.34 7 0
github.com/krisarmstrong/niac-go/cmd/niac/generate.go:188.34,191.3 2 0
github.com/krisarmstrong/niac-go/cmd/niac/generate.go:192.2,202.15 9 0
github.com/krisarmstrong/niac-go/cmd/niac/generate.go:205.42,215.2 2 0
github.com/krisarmstrong/niac-go/cmd/niac/generate.go:217.61,220.21 2 0
github.com/krisarmstrong/niac-go/cmd/niac/generate.go:220.21,222.3 1 0
github.com/krisarmstrong/niac-go/cmd/niac/generate.go:224.2,225.15 2 0
github.com/krisarmstrong/niac-go/cmd/niac/generate.go:225.15,227.3 1 0
github.com/krisarmstrong/niac-go/cmd/niac/generate.go:229.2,230.16 2 0
github.com/krisarmstrong/niac-go/cmd/niac/generate.go:230.16,232.3 1 0
github.com/krisarmstrong/niac-go/cmd/niac/generate.go:235.2,236.21 2 0
github.com/krisarmstrong/niac-go/cmd/niac/generate.go:239.47,241.2 1 0
github.com/krisarmstrong/niac-go/cmd/niac/generate.go:243.86,249.51 4 0
github.com/krisarmstrong/niac-go/cmd/niac/generate.go:249.51,257.3 1 0
github.com/krisarmstrong/niac-go/cmd/niac/generate.go:258.2,258.50 1 0
github.com/krisarmstrong/niac-go/cmd/niac/generate.go:258.50,266.3 1 0
github.com/krisarmstrong/niac-go/cmd/niac/generate.go:269.2,271.51 3 0
github.com/krisarmstrong/niac-go/cmd/niac/generate.go:271.51,281.3 3 0
github.com/krisarmstrong/niac-go/cmd/niac/generate.go:284.2,286.48 3 0
github.com/krisarmstrong/niac-go/cmd/niac/generate.go:286.48,287.59 1 0
github.com/krisarmstrong/niac-go/cmd/niac/generate.go:287.59,295.4 1 0
github.com/krisarmstrong/niac-go/cmd/niac/generate.go:296.3,296.58 1 0
github.com/krisarmstrong/niac-go/cmd/niac/generate.go:296.58,301.4 1 0
github.com/krisarmstrong/niac-go/cmd/niac/generate.go:305.2,305.53 1 0
github.com/krisarmstrong/niac-go/cmd/niac/generate.go:305.53,308.59 3 0
github.com/krisarmstrong/niac-go/cmd/niac/generate.go:308.59,315.4 1 0
github.com/krisarmstrong/niac-go/cmd/niac/generate.go:316.3,316.58 1 0
github.com/krisarmstrong/niac-go/cmd/niac/generate.go:316.58,323.4 1 0
github.com/krisarmstrong/niac-go/cmd/niac/generate.go:326.2,326.18 1 0
github.com/krisarmstrong/niac-go/cmd/niac/generate.go:329.48,339.27 6 0
github.com/krisarmstrong/niac-go/cmd/niac/generate.go:339.27,341.3 1 0
github.com/krisarmstrong/niac-go/cmd/niac/generate.go:344.2,345.34 2 0
github.com/krisarmstrong/niac-go/cmd/niac/generate.go:345.34,351.62 4 0
github.com/krisarmstrong/niac-go/cmd/niac/generate.go:351.62,354.39 3 0
github.com/krisarmstrong/niac-go/cmd/niac/generate.go:354.39,356.5 1 0
github.com/krisarmstrong/niac-go/cmd/niac/generate.go:360.3,360.62 1 0
github.com/krisarmstrong/niac-go/cmd/niac/generate.go:360.62,366.4 5 0
github.com/krisarmstrong/niac-go/cmd/niac/generate.go:369.3,369.61 1 0
github.com/krisarmstrong/niac-go/cmd/niac/generate.go:369.61,375.4 5 0
github.com/krisarmstrong/niac-go/cmd/niac/generate.go:378.3,378.62 1 0
github.com/krisarmstrong/niac-go/cmd/niac/generate.go:378.62,381.36 3 0
github.com/krisarmstrong/niac-go/cmd/niac/generate.go:381.36,383.5 1 0
github.com/krisarmstrong/niac-go/cmd/niac/generate.go:387.3,387.61 1 0
github.com/krisarmstrong/niac-go/cmd/niac/generate.go:387.61,393.4 5 0
github.com/krisarmstrong/niac-go/cmd/niac/generate.go:396.3,396.62 1 0
github.com/krisarmstrong/niac-go/cmd/niac/generate.go:396.62,400.4 3 0
github.com/krisarmstrong/niac-go/cmd/niac/generate.go:403.3,403.61 1 0
github.com/krisarmstrong/niac-go/cmd/niac/generate.go:403.61,407.4 3 0
github.com/krisarmstrong/niac-go/cmd/niac/generate.go:409.3,409.23 1 0
github.com/krisarmstrong/niac-go/cmd/niac/generate.go:412.2,412.20 1 0
github.com/krisarmstrong/niac-go/cmd/niac/generate.go:415.69,417.34 2 0
github.com/krisarmstrong/niac-go/cmd/niac/generate.go:417.34,418.20 1 0
github.com/krisarmstrong/niac-go/cmd/niac/generate.go:418.20,420.4 1 0
github.com/krisarmstrong/niac-go/cmd/niac/generate.go:422.2,422.14 1 0
github.com/krisarmstrong/niac-go/cmd/niac/generate.go:425.84,429.17 4 0
github.com/krisarmstrong/niac-go/cmd/niac/generate.go:429.17,431.3 1 0
github.com/krisarmstrong/niac-go/cmd/niac/generate.go:432.2,432.14 1 0
github.com/krisarmstrong/niac-go/cmd/niac/init.go:34.13,36.2 1 1
github.com/krisarmstrong/niac-go/cmd/niac/init.go:38.49,67.21 20 0
github.com/krisarmstrong/niac-go/cmd/niac/init.go:68.11,70.66 2 0
github.com/krisarmstrong/niac-go/cmd/niac/init.go:71.11,73.67 2 0
github.com/krisarmstrong/niac-go/cmd/niac/init.go:74.11,76.73 2 0
github.com/krisarmstrong/niac-go/cmd/niac/init.go:77.11,79.75 2 0
github.com/krisarmstrong/niac-go/cmd/niac/init.go:80.11,82.62 2 0
github.com/krisarmstrong/niac-go/cmd/niac/init.go:83.11,85.57 2 0
github.com/krisarmstrong/niac-go/cmd/niac/init.go:86.11,88.66 2 0
github.com/krisarmstrong/niac-go/cmd/niac/init.go:89.11,91.61 2 0
github.com/krisarmstrong/niac-go/cmd/niac/init.go:94.2,100.16 5 0
github.com/krisarmstrong/niac-go/cmd/niac/init.go:100.16,103.3 2 0
github.com/krisarmstrong/niac-go/cmd/niac/init.go:106.2,114.19 7 0
github.com/krisarmstrong/niac-go/cmd/niac/init.go:114.19,116.3 1 0
github.com/krisarmstrong/niac-go/cmd/niac/init.go:116.8,120.21 4 0
github.com/krisarmstrong/niac-go/cmd/niac/init.go:120.21,122.4 1 0
github.com/krisarmstrong/niac-go/cmd/niac/init.go:122.9,124.4 1 0
github.com/krisarmstrong/niac-go/cmd/niac/init.go:128.2,128.47 1 0
github.com/krisarmstrong/niac-go/cmd/niac/init.go:128.47,132.17 4 0
github.com/krisarmstrong/niac-go/cmd/niac/init.go:132.17,135.4 2 0
github.com/krisarmstrong/niac-go/cmd/niac/init.go:139.2,139.77 1 0
github.com/krisarmstrong/niac-go/cmd/niac/init.go:139.77,142.3 2 0
github.com/krisarmstrong/niac-go/cmd/niac/init.go:145.2,168.15 20 0
github.com/krisarmstrong/niac-go/cmd/niac/init.go:172.86,173.6 1 0
github.com/krisarmstrong/niac-go/cmd/niac/init.go:173.6,178.39 4 0
github.com/krisarmstrong/niac-go/cmd/niac/init.go:178.39,179.23 1 0
github.com/krisarmstrong/niac-go/cmd/niac/init.go:179.23,181.5 1 0
github.com/krisarmstrong/niac-go/cmd/niac/init.go:184.3,184.89 1 0
github.com/krisarmstrong/niac-go/cmd/niac/init.go:189.60,190.6 1 0
github.com/krisarmstrong/niac-go/cmd/niac/init.go:190.6,195.37 4 0
github.com/krisarmstrong/niac-go/cmd/niac/init.go:195.37,197.4 1 0
github.com/krisarmstrong/niac-go/cmd/niac/init.go:198.3,198.36 1 0
github.com/krisarmstrong/niac-go/cmd/niac/init.go:198.36,200.4 1 0
github.com/krisarmstrong/niac-go/cmd/niac/init.go:202.3,202.39 1 0
github.com/krisarmstrong/niac-go/cmd/niac/init.go:207.71,208.6 1 0
github.com/krisarmstrong/niac-go/cmd/niac/init.go:208.6,214.17 5 0
github.com/krisarmstrong/niac-go/cmd/niac/init.go:214.17,216.12 2 0
github.com/krisarmstrong/niac-go/cmd/niac/init.go:219.3,219.33 1 0
github.com/krisarmstrong/niac-go/cmd/niac/init.go:219.33,221.12 2 0
github.com/krisarmstrong/niac-go/cmd/niac/init.go:224.3,224.15 1 0
github.com/krisarmstrong/niac-go/cmd/niac/interactive.go:39.13,41.2 1 1
github.com/krisarmstrong/niac-go/cmd/niac/interactive.go:43.56,49.16 4 0
github.com/krisarmstrong/niac-go/cmd/niac/interactive.go:49.16,52.3 2 0
github.com/krisarmstrong/niac-go/cmd/niac/interactive.go:55.2,55.65 1 0
github.com/krisarmstrong/niac-go/cmd/niac/interactive.go:55.65,58.3 2 0
github.com/krisarmstrong/niac-go/cmd/niac/legacy.go:70.44,131.2 46 1
github.com/krisarmstrong/niac-go/cmd/niac/legacy.go:134.39,135.19 1 1
github.com/krisarmstrong/niac-go/cmd/niac/legacy.go:135.19,137.3 1 1
github.com/krisarmstrong/niac-go/cmd/niac/legacy.go:138.2,138.17 1 1
github.com/krisarmstrong/niac-go/cmd/niac/legacy.go:138.17,140.3 1 1
github.com/krisarmstrong/niac-go/cmd/niac/legacy.go:144.64,148.25 2 1
github.com/krisarmstrong/niac-go/cmd/niac/legacy.go:148.25,150.3 1 1
github.com/krisarmstrong/niac-go/cmd/niac/legacy.go:151.2,151.24 1 1
github.com/krisarmstrong/niac-go/cmd/niac/legacy.go:151.24,153.3 1 1
github.com/krisarmstrong/niac-go/cmd/niac/legacy.go:154.2,154.26 1 1
github.com/krisarmstrong/niac-go/cmd/niac/legacy.go:154.26,156.3 1 1
github.com/krisarmstrong/niac-go/cmd/niac/legacy.go:157.2,157.26 1 1
github.com/krisarmstrong/niac-go/cmd/niac/legacy.go:157.26,159.3 1 1
github.com/krisarmstrong/niac-go/cmd/niac/legacy.go:160.2,160.28 1 1
github.com/krisarmstrong/niac-go/cmd/niac/legacy.go:160.28,162.3 1 1
github.com/krisarmstrong/niac-go/cmd/niac/legacy.go:163.2,163.25 1 1
github.com/krisarmstrong/niac-go/cmd/niac/legacy.go:163.25,165.3 1 1
github.com/krisarmstrong/niac-go/cmd/niac/legacy.go:166.2,166.25 1 1
github.com/krisarmstrong/niac-go/cmd/niac/legacy.go:166.25,168.3 1 1
github.com/krisarmstrong/niac-go/cmd/niac/legacy.go:169.2,169.25 1 1
github.com/krisarmstrong/niac-go/cmd/niac/legacy.go:169.25,171.3 1 1
github.com/krisarmstrong/niac-go/cmd/niac/legacy.go:172.2,172.26 1 1
github.com/krisarmstrong/niac-go/cmd/niac/legacy.go:172.26,174.3 1 1
github.com/krisarmstrong/niac-go/cmd/niac/legacy.go:175.2,175.28 1 1
github.com/krisarmstrong/niac-go/cmd/niac/legacy.go:175.28,177.3 1 1
github.com/krisarmstrong/niac-go/cmd/niac/legacy.go:178.2,178.26 1 1
github.com/krisarmstrong/niac-go/cmd/niac/legacy.go:178.26,180.3 1 1
github.com/krisarmstrong/niac-go/cmd/niac/legacy.go:181.2,181.25 1 1
github.com/krisarmstrong/niac-go/cmd/niac/legacy.go:181.25,183.3 1 1
github.com/krisarmstrong/niac-go/cmd/niac/legacy.go:184.2,184.29 1 1
github.com/krisarmstrong/niac-go/cmd/niac/legacy.go:184.29,186.3 1 1
github.com/krisarmstrong/niac-go/cmd/niac/legacy.go:187.2,187.25 1 1
github.com/krisarmstrong/niac-go/cmd/niac/legacy.go:187.25,189.3 1 1
github.com/krisarmstrong/niac-go/cmd/niac/legacy.go:190.2,190.26 1 1
github.com/krisarmstrong/niac-go/cmd/niac/legacy.go:190.26,192.3 1 1
github.com/krisarmstrong/niac-go/cmd/niac/legacy.go:193.2,193.25 1 1
github.com/krisarmstrong/niac-go/cmd/niac/legacy.go:193.25,195.3 1 1
github.com/krisarmstrong/niac-go/cmd/niac/legacy.go:196.2,196.25 1 1
github.com/krisarmstrong/niac-go/cmd/niac/legacy.go:196.25,198.3 1 1
github.com/krisarmstrong/niac-go/cmd/niac/legacy.go:199.2,199.25 1 1
github.com/krisarmstrong/niac-go/cmd/niac/legacy.go:199.25,201.3 1 1
github.com/krisarmstrong/niac-go/cmd/niac/legacy.go:202.2,202.26 1 1
github.com/krisarmstrong/niac-go/cmd/niac/legacy.go:202.26,204.3 1 1
github.com/krisarmstrong/niac-go/cmd/niac/legacy.go:206.2,206.20 1 1
github.com/krisarmstrong/niac-go/cmd/niac/legacy.go:211.71,213.23 1 1
github.com/krisarmstrong/niac-go/cmd/niac/legacy.go:213.23,216.3 2 1
github.com/krisarmstrong/niac-go/cmd/niac/legacy.go:219.2,219.26 1 1
github.com/krisarmstrong/niac-go/cmd/niac/legacy.go:219.26,223.3 3 1
github.com/krisarmstrong/niac-go/cmd/niac/legacy.go:226.2,226.23 1 1
github.com/krisarmstrong/niac-go/cmd/niac/legacy.go:226.23,227.20 1 0
github.com/krisarmstrong/niac-go/cmd/niac/legacy.go:227.20,232.4 4 0
github.com/krisarmstrong/niac-go/cmd/niac/legacy.go:233.3,234.14 2 0
github.com/krisarmstrong/niac-go/cmd/niac/legacy.go:237.2,237.14 1 1
github.com/krisarmstrong/niac-go/cmd/niac/legacy.go:241.91,242.19 1 1
github.com/krisarmstrong/niac-go/cmd/niac/legacy.go:242.19,244.3 1 1
github.com/krisarmstrong/niac-go/cmd/niac/legacy.go:245.2,245.30 1 1
github.com/krisarmstrong/niac-go/cmd/niac/legacy.go:249.52,250.45 1 0
github.com/krisarmstrong/niac-go/cmd/niac/legacy.go:250.45,255.3 4 0
github.com/krisarmstrong/niac-go/cmd/niac/legacy.go:256.2,256.12 1 0
github.com/krisarmstrong/niac-go/cmd/niac/legacy.go:260.103,262.16 2 0
github.com/krisarmstrong/niac-go/cmd/niac/legacy.go:262.16,264.3 1 0
github.com/krisarmstrong/niac-go/cmd/niac/legacy.go:266.2,266.27 1 0
github.com/krisarmstrong/niac-go/cmd/niac/legacy.go:266.27,271.28 5 0
github.com/krisarmstrong/niac-go/cmd/niac/legacy.go:271.28,273.4 1 0
github.com/krisarmstrong/niac-go/cmd/niac/legacy.go:274.3,274.33 1 0
github.com/krisarmstrong/niac-go/cmd/niac/legacy.go:274.33,276.40 2 0
github.com/krisarmstrong/niac-go/cmd/niac/legacy.go:276.40,278.5 1 0
github.com/krisarmstrong/niac-go/cmd/niac/legacy.go:279.4,279.81 1 0
github.com/krisarmstrong/niac-go/cmd/niac/legacy.go:279.81,281.5 1 0
github.com/krisarmstrong/niac-go/cmd/niac/legacy.go:283.3,283.16 1 0
github.com/krisarmstrong/niac-go/cmd/niac/legacy.go:286.2,286.17 1 0
github.com/krisarmstrong/niac-go/cmd/niac/legacy.go:290.80,295.48 3 0
github.com/krisarmstrong/niac-go/cmd/niac/legacy.go:295.48,297.3 1 0
github.com/krisarmstrong/niac-go/cmd/niac/legacy.go:299.2,299.19 1 0
github.com/krisarmstrong/niac-go/cmd/niac/legacy.go:299.19,302.3 2 0
github.com/krisarmstrong/niac-go/cmd/niac/legacy.go:305.2,309.12 5 0
github.com/krisarmstrong/niac-go/cmd/niac/main.go:30.13,32.2 1 0
github.com/krisarmstrong/niac-go/cmd/niac/main.go:36.37,45.21 5 0
github.com/krisarmstrong/niac-go/cmd/niac/main.go:45.21,47.3 1 0
github.com/krisarmstrong/niac-go/cmd/niac/main.go:47.8,49.3 1 0
github.com/krisarmstrong/niac-go/cmd/niac/main.go:52.2,61.44 4 0
github.com/krisarmstrong/niac-go/cmd/niac/main.go:61.44,63.3 1 0
github.com/krisarmstrong/niac-go/cmd/niac/main.go:66.2,67.16 2 0
github.com/krisarmstrong/niac-go/cmd/niac/main.go:67.16,70.3 2 0
github.com/krisarmstrong/niac-go/cmd/niac/main.go:73.2,73.27 1 0
github.com/krisarmstrong/niac-go/cmd/niac/main.go:73.27,75.3 1 0
github.com/krisarmstrong/niac-go/cmd/niac/main.go:78.2,78.26 1 0
github.com/krisarmstrong/niac-go/cmd/niac/main.go:78.26,80.3 1 0
github.com/krisarmstrong/niac-go/cmd/niac/main.go:83.2,83.57 1 0
github.com/krisarmstrong/niac-go/cmd/niac/main.go:83.57,85.3 1 0
github.com/krisarmstrong/niac-go/cmd/niac/main.go:88.2,89.16 2 0
github.com/krisarmstrong/niac-go/cmd/niac/main.go:89.16,92.3 2 0
github.com/krisarmstrong/niac-go/cmd/niac/main.go:95.2,95.18 1 0
github.com/krisarmstrong/niac-go/cmd/niac/main.go:95.18,98.3 1 0
github.com/krisarmstrong/niac-go/cmd/niac/main.go:101.2,109.34 5 0
github.com/krisarmstrong/niac-go/cmd/niac/main.go:109.34,110.70 1 0
github.com/krisarmstrong/niac-go/cmd/niac/main.go:110.70,112.4 1 0
github.com/krisarmstrong/niac-go/cmd/niac/main.go:114.2,117.63 2 0
github.com/krisarmstrong/niac-go/cmd/niac/main.go:117.63,119.3 1 0
github.com/krisarmstrong/niac-go/cmd/niac/main.go:122.2,122.27 1 0
github.com/krisarmstrong/niac-go/cmd/niac/main.go:122.27,124.74 1 0
github.com/krisarmstrong/niac-go/cmd/niac/main.go:124.74,127.4 2 0
github.com/krisarmstrong/niac-go/cmd/niac/main.go:128.8,130.72 1 0
github.com/krisarmstrong/niac-go/cmd/niac/main.go:130.72,133.4 2 0
github.com/krisarmstrong/niac-go/cmd/niac/main.go:138.53,142.12 2 0
github.com/krisarmstrong/niac-go/cmd/niac/main.go:142.12,143.22 1 0
github.com/krisarmstrong/niac-go/cmd/niac/main.go:143.22,150.4 6 0
github.com/krisarmstrong/niac-go/cmd/niac/main.go:153.3,153.56 1 0
github.com/krisarmstrong/niac-go/cmd/niac/main.go:153.56,155.4 1 0
github.com/krisarmstrong/niac-go/cmd/niac/main.go:159.20,165.2 5 1
github.com/krisarmstrong/niac-go/cmd/niac/main.go:167.21,184.2 16 1
github.com/krisarmstrong/niac-go/cmd/niac/main.go:186.19,305.2 118 1
github.com/krisarmstrong/niac-go/cmd/niac/main.go:307.41,309.16 2 0
github.com/krisarmstrong/niac-go/cmd/niac/main.go:309.16,312.3 2 0
github.com/krisarmstrong/niac-go/cmd/niac/main.go:314.2,316.27 2 0
github.com/krisarmstrong/niac-go/cmd/niac/main.go:316.27,319.3 2 0
github.com/krisarmstrong/niac-go/cmd/niac/main.go:322.2,327.37 4 0
github.com/krisarmstrong/niac-go/cmd/niac/main.go:327.37,329.34 2 0
github.com/krisarmstrong/niac-go/cmd/niac/main.go:329.34,332.35 2 0
github.com/krisarmstrong/niac-go/cmd/niac/main.go:332.35,334.5 1 0
github.com/krisarmstrong/niac-go/cmd/niac/main.go:337.3,338.33 2 0
github.com/krisarmstrong/niac-go/cmd/niac/main.go:338.33,340.4 1 0
github.com/krisarmstrong/niac-go/cmd/niac/main.go:342.3,343.23 2 0
github.com/krisarmstrong/niac-go/cmd/niac/main.go:343.23,345.4 1 0
github.com/krisarmstrong/niac-go/cmd/niac/main.go:347.3,348.76 2 0
github.com/krisarmstrong/niac-go/cmd/niac/main.go:348.76,350.4 1 0
github.com/krisarmstrong/niac-go/cmd/niac/main.go:352.3,357.9 1 0
github.com/krisarmstrong/niac-go/cmd/niac/main.go:360.2,365.37 4 0
github.com/krisarmstrong/niac-go/cmd/niac/main.go:365.37,366.76 1 0
github.com/krisarmstrong/niac-go/cmd/niac/main.go:366.76,368.4 1 0
github.com/krisarmstrong/niac-go/cmd/niac/main.go:370.2,370.19 1 0
github.com/krisarmstrong/niac-go/cmd/niac/main.go:370.19,372.3 1 0
github.com/krisarmstrong/niac-go/cmd/niac/main.go:375.42,376.15 1 1
github.com/krisarmstrong/niac-go/cmd/niac/main.go:377.9,378.17 1 1
github.com/krisarmstrong/niac-go/cmd/niac/main.go:379.9,380.18 1 1
github.com/krisarmstrong/niac-go/cmd/niac/main.go:381.9,382.19 1 1
github.com/krisarmstrong/niac-go/cmd/niac/main.go:383.9,384.17 1 1
github.com/krisarmstrong/niac-go/cmd/niac/main.go:385.10,386.19 1 1
github.com/krisarmstrong/niac-go/cmd/niac/main.go:390.46,391.24 1 1
github.com/krisarmstrong/niac-go/cmd/niac/main.go:391.24,393.3 1 1
github.com/krisarmstrong/niac-go/cmd/niac/main.go:394.2,394.51 1 1
github.com/krisarmstrong/niac-go/cmd/niac/main.go:398.102,401.21 2 0
github.com/krisarmstrong/niac-go/cmd/niac/main.go:401.21,407.3 5 0
github.com/krisarmstrong/niac-go/cmd/niac/main.go:410.2,411.16 2 0
github.com/krisarmstrong/niac-go/cmd/niac/main.go:411.16,413.3 1 0
github.com/krisarmstrong/niac-go/cmd/niac/main.go:414.2,417.21 2 0
github.com/krisarmstrong/niac-go/cmd/niac/main.go:417.21,419.3 1 0
github.com/krisarmstrong/niac-go/cmd/niac/main.go:420.2,421.21 2 0
github.com/krisarmstrong/niac-go/cmd/niac/main.go:421.21,423.3 1 0
github.com/krisarmstrong/niac-go/cmd/niac/main.go:426.2,427.56 2 0
github.com/krisarmstrong/niac-go/cmd/niac/main.go:427.56,428.20 1 0
github.com/krisarmstrong/niac-go/cmd/niac/main.go:428.20,430.4 1 0
github.com/krisarmstrong/niac-go/cmd/niac/main.go:431.3,431.19 1 0
github.com/krisarmstrong/niac-go/cmd/niac/main.go:431.19,433.4 1 0
github.com/krisarmstrong/niac-go/cmd/niac/main.go:437.2,437.21 1 0
github.com/krisarmstrong/niac-go/cmd/niac/main.go:437.21,439.3 1 0
github.com/krisarmstrong/niac-go/cmd/niac/main.go:440.2,440.38 1 0
github.com/krisarmstrong/niac-go/cmd/niac/main.go:440.38,441.22 1 0
github.com/krisarmstrong/niac-go/cmd/niac/main.go:441.22,443.4 1 0
github.com/krisarmstrong/niac-go/cmd/niac/main.go:444.3,444.54 1 0
github.com/krisarmstrong/niac-go/cmd/niac/main.go:446.2,446.21 1 0
github.com/krisarmstrong/niac-go/cmd/niac/main.go:446.21,449.3 2 0
github.com/krisarmstrong/niac-go/cmd/niac/main.go:452.2,453.56 2 0
github.com/krisarmstrong/niac-go/cmd/niac/main.go:457.93,458.21 1 0
github.com/krisarmstrong/niac-go/cmd/niac/main.go:458.21,460.3 1 0
github.com/krisarmstrong/niac-go/cmd/niac/main.go:461.2,462.16 2 0
github.com/krisarmstrong/niac-go/cmd/niac/main.go:462.16,463.22 1 0
github.com/krisarmstrong/niac-go/cmd/niac/main.go:463.22,465.4 1 0
github.com/krisarmstrong/niac-go/cmd/niac/main.go:466.3,466.69 1 0
github.com/krisarmstrong/niac-go/cmd/niac/main.go:468.2,468.21 1 0
github.com/krisarmstrong/niac-go/cmd/niac/main.go:468.21,470.3 1 0
github.com/krisarmstrong/niac-go/cmd/niac/main.go:471.2,471.20 1 0
github.com/krisarmstrong/niac-go/cmd/niac/main.go:475.117,476.37 1 0
github.com/krisarmstrong/niac-go/cmd/niac/main.go:476.37,478.62 1 0
github.com/krisarmstrong/niac-go/cmd/niac/main.go:478.62,485.60 5 0
github.com/krisarmstrong/niac-go/cmd/niac/main.go:485.60,492.5 1 0
github.com/krisarmstrong/niac-go/cmd/niac/main.go:495.4,495.118 1 0
github.com/krisarmstrong/niac-go/cmd/niac/main.go:495.118,503.5 1 0
github.com/krisarmstrong/niac-go/cmd/niac/main.go:506.4,506.125 1 0
github.com/krisarmstrong/niac-go/cmd/niac/main.go:506.125,513.5 1 0
github.com/krisarmstrong/niac-go/cmd/niac/main.go:517.3,517.30 1 0
github.com/krisarmstrong/niac-go/cmd/niac/main.go:517.30,522.59 3 0
github.com/krisarmstrong/niac-go/cmd/niac/main.go:522.59,524.5 1 0
github.com/krisarmstrong/niac-go/cmd/niac/main.go:528.2,528.28 1 0
github.com/krisarmstrong/niac-go/cmd/niac/main.go:532.62,541.34 5 0
github.com/krisarmstrong/niac-go/cmd/niac/main.go:541.34,542.70 1 0
github.com/krisarmstrong/niac-go/cmd/niac/main.go:542.70,544.4 1 0
github.com/krisarmstrong/niac-go/cmd/niac/main.go:545.3,545.66 1 0
github.com/krisarmstrong/niac-go/cmd/niac/main.go:545.66,547.4 1 0
github.com/krisarmstrong/niac-go/cmd/niac/main.go:549.2,549.19 1 0
github.com/krisarmstrong/niac-go/cmd/niac/main.go:549.19,551.20 2 0
github.com/krisarmstrong/niac-go/cmd/niac/main.go:551.20,553.4 1 0
github.com/krisarmstrong/niac-go/cmd/niac/main.go:557.2,558.34 2 0
github.com/krisarmstrong/niac-go/cmd/niac/main.go:558.34,559.60 1 0
github.com/krisarmstrong/niac-go/cmd/niac/main.go:559.60,561.4 1 0
github.com/krisarmstrong/niac-go/cmd/niac/main.go:563.2,563.22 1 0
github.com/krisarmstrong/niac-go/cmd/niac/main.go:563.22,565.3 1 0
github.com/krisarmstrong/niac-go/cmd/niac/main.go:568.2,568.32 1 0
github.com/krisarmstrong/niac-go/cmd/niac/main.go:568.32,570.3 1 0
github.com/krisarmstrong/niac-go/cmd/niac/main.go:572.2,575.15 4 0
github.com/krisarmstrong/niac-go/cmd/niac/main.go:579.91,587.21 5 0
github.com/krisarmstrong/niac-go/cmd/niac/main.go:587.21,591.3 3 0
github.com/krisarmstrong/niac-go/cmd/niac/main.go:594.2,594.6 1 0
github.com/krisarmstrong/niac-go/cmd/niac/main.go:594.6,595.10 1 0
github.com/krisarmstrong/niac-go/cmd/niac/main.go:596.18,603.23 4 0
github.com/krisarmstrong/niac-go/cmd/niac/main.go:603.23,605.5 1 0
github.com/krisarmstrong/niac-go/cmd/niac/main.go:607.4,607.14 1 0
github.com/krisarmstrong/niac-go/cmd/niac/main.go:609.17,611.52 1 0
github.com/krisarmstrong/niac-go/cmd/niac/main.go:617.71,632.2 2 0
github.com/krisarmstrong/niac-go/cmd/niac/main.go:635.68,655.2 18 0
github.com/krisarmstrong/niac-go/cmd/niac/main.go:658.45,659.21 1 1
github.com/krisarmstrong/niac-go/cmd/niac/main.go:659.21,661.3 1 1
github.com/krisarmstrong/niac-go/cmd/niac/main.go:662.2,662.19 1 1
github.com/krisarmstrong/niac-go/cmd/niac/main.go:662.19,664.3 1 1
github.com/krisarmstrong/niac-go/cmd/niac/main.go:665.2,665.67 1 1
github.com/krisarmstrong/niac-go/cmd/niac/main.go:669.43,670.24 1 0
github.com/krisarmstrong/niac-go/cmd/niac/main.go:670.24,672.3 1 0
github.com/krisarmstrong/niac-go/cmd/niac/main.go:675.2,678.33 2 0
github.com/krisarmstrong/niac-go/cmd/niac/main.go:678.33,679.71 1 0
github.com/krisarmstrong/niac-go/cmd/niac/main.go:679.71,681.4 1 0
github.com/krisarmstrong/niac-go/cmd/niac/main.go:681.9,683.4 1 0
github.com/krisarmstrong/niac-go/cmd/niac/main.go:687.2,687.32 1 0
github.com/krisarmstrong/niac-go/cmd/niac/main.go:687.32,688.69 1 0
github.com/krisarmstrong/niac-go/cmd/niac/main.go:688.69,690.4 1 0
github.com/krisarmstrong/niac-go/cmd/niac/main.go:690.9,692.4 1 0
github.com/krisarmstrong/niac-go/cmd/niac/man.go:25.13,27.2 1 1
github.com/krisarmstrong/niac-go/cmd/niac/man.go:29.48,38.50 3 0
github.com/krisarmstrong/niac-go/cmd/niac/man.go:38.50,41.3 2 0
github.com/krisarmstrong/niac-go/cmd/niac/man.go:43.2,43.64 1 0
github.com/krisarmstrong/niac-go/cmd/niac/man.go:43.64,46.3 2 0
github.com/krisarmstrong/niac-go/cmd/niac/man.go:48.2,51.29 4 0
github.com/krisarmstrong/niac-go/cmd/niac/root.go:46.47,48.21 1 0
github.com/krisarmstrong/niac-go/cmd/niac/root.go:48.21,51.4 2 0
github.com/krisarmstrong/niac-go/cmd/niac/root.go:55.3,56.28 2 0
github.com/krisarmstrong/niac-go/cmd/niac/root.go:60.13,62.2 1 1
github.com/krisarmstrong/niac-go/cmd/niac/root.go:64.16,65.42 1 0
github.com/krisarmstrong/niac-go/cmd/niac/root.go:65.42,68.3 2 0
github.com/krisarmstrong/niac-go/cmd/niac/template.go:89.13,95.2 5 1
github.com/krisarmstrong/niac-go/cmd/niac/template.go:97.57,105.33 5 0
github.com/krisarmstrong/niac-go/cmd/niac/template.go:105.33,106.27 1 0
github.com/krisarmstrong/niac-go/cmd/niac/template.go:106.27,108.4 1 0
github.com/krisarmstrong/niac-go/cmd/niac/template.go:111.2,111.33 1 0
github.com/krisarmstrong/niac-go/cmd/niac/template.go:111.33,114.22 3 0
github.com/krisarmstrong/niac-go/cmd/niac/template.go:114.22,116.4 1 0
github.com/krisarmstrong/niac-go/cmd/niac/template.go:119.2,126.91 8 0
github.com/krisarmstrong/niac-go/cmd/niac/template.go:129.57,133.16 3 0
github.com/krisarmstrong/niac-go/cmd/niac/template.go:133.16,137.46 4 0
github.com/krisarmstrong/niac-go/cmd/niac/template.go:137.46,139.4 1 0
github.com/krisarmstrong/niac-go/cmd/niac/template.go:140.3,140.13 1 0
github.com/krisarmstrong/niac-go/cmd/niac/template.go:143.2,143.25 1 0
github.com/krisarmstrong/niac-go/cmd/niac/template.go:146.56,151.47 3 0
github.com/krisarmstrong/niac-go/cmd/niac/template.go:151.47,154.3 2 0
github.com/krisarmstrong/niac-go/cmd/niac/template.go:157.2,158.16 2 0
github.com/krisarmstrong/niac-go/cmd/niac/template.go:158.16,162.46 4 0
github.com/krisarmstrong/niac-go/cmd/niac/template.go:162.46,164.4 1 0
github.com/krisarmstrong/niac-go/cmd/niac/template.go:165.3,165.13 1 0
github.com/krisarmstrong/niac-go/cmd/niac/template.go:169.2,169.77 1 0
github.com/krisarmstrong/niac-go/cmd/niac/template.go:169.77,172.3 2 0
github.com/krisarmstrong/niac-go/cmd/niac/template.go:174.2,181.60 8 0
github.com/krisarmstrong/niac-go/cmd/niac/template.go:184.58,189.16 3 0
github.com/krisarmstrong/niac-go/cmd/niac/template.go:189.16,192.3 2 0
github.com/krisarmstrong/niac-go/cmd/niac/template.go:195.2,205.16 7 0
github.com/krisarmstrong/niac-go/cmd/niac/template.go:205.16,208.3 2 0
github.com/krisarmstrong/niac-go/cmd/niac/template.go:209.2,212.61 3 0
github.com/krisarmstrong/niac-go/cmd/niac/template.go:212.61,215.3 2 0
github.com/krisarmstrong/niac-go/cmd/niac/template.go:216.2,220.16 3 0
github.com/krisarmstrong/niac-go/cmd/niac/template.go:220.16,223.3 2 0
github.com/krisarmstrong/niac-go/cmd/niac/template.go:225.2,235.37 7 0
github.com/krisarmstrong/niac-go/cmd/niac/template.go:235.37,237.34 2 0
github.com/krisarmstrong/niac-go/cmd/niac/template.go:237.34,239.35 2 0
github.com/krisarmstrong/niac-go/cmd/niac/template.go:239.35,241.5 1 0
github.com/krisarmstrong/niac-go/cmd/niac/template.go:242.4,242.17 1 0
github.com/krisarmstrong/niac-go/cmd/niac/template.go:246.3,247.60 2 0
github.com/krisarmstrong/niac-go/cmd/niac/template.go:247.60,249.4 1 0
github.com/krisarmstrong/niac-go/cmd/niac/template.go:250.3,250.60 1 0
github.com/krisarmstrong/niac-go/cmd/niac/template.go:250.60,252.4 1 0
github.com/krisarmstrong/niac-go/cmd/niac/template.go:253.3,253.58 1 0
github.com/krisarmstrong/niac-go/cmd/niac/template.go:253.58,255.4 1 0
github.com/krisarmstrong/niac-go/cmd/niac/template.go:256.3,256.76 1 0
github.com/krisarmstrong/niac-go/cmd/niac/template.go:256.76,258.4 1 0
github.com/krisarmstrong/niac-go/cmd/niac/template.go:259.3,259.31 1 0
github.com/krisarmstrong/niac-go/cmd/niac/template.go:259.31,261.4 1 0
github.com/krisarmstrong/niac-go/cmd/niac/template.go:262.3,262.30 1 0
github.com/krisarmstrong/niac-go/cmd/niac/template.go:262.30,264.4 1 0
github.com/krisarmstrong/niac-go/cmd/niac/template.go:265.3,265.60 1 0
github.com/krisarmstrong/niac-go/cmd/niac/template.go:265.60,267.4 1 0
github.com/krisarmstrong/niac-go/cmd/niac/template.go:268.3,268.58 1 0
github.com/krisarmstrong/niac-go/cmd/niac/template.go:268.58,270.4 1 0
github.com/krisarmstrong/niac-go/cmd/niac/template.go:272.3,272.25 1 0
github.com/krisarmstrong/niac-go/cmd/niac/template.go:272.25,274.4 1 0
github.com/krisarmstrong/niac-go/cmd/niac/template.go:277.2,280.56 4 0
github.com/krisarmstrong/niac-go/cmd/niac/template.go:283.52,284.20 1 0
github.com/krisarmstrong/niac-go/cmd/niac/template.go:284.20,286.3 1 0
github.com/krisarmstrong/niac-go/cmd/niac/template.go:287.2,288.33 2 0
github.com/krisarmstrong/niac-go/cmd/niac/template.go:288.33,290.3 1 0
github.com/krisarmstrong/niac-go/cmd/niac/template.go:291.2,291.15 1 0
github.com/krisarmstrong/niac-go/cmd/niac/validate.go:53.13,57.2 3 1
github.com/krisarmstrong/niac-go/cmd/niac/validate.go:59.53,63.55 2 0
github.com/krisarmstrong/niac-go/cmd/niac/validate.go:63.55,66.3 2 0
github.com/krisarmstrong/niac-go/cmd/niac/validate.go:69.2,70.16 2 0
github.com/krisarmstrong/niac-go/cmd/niac/validate.go:70.16,73.3 2 0
github.com/krisarmstrong/niac-go/cmd/niac/validate.go:76.2,80.18 3 0
github.com/krisarmstrong/niac-go/cmd/niac/validate.go:80.18,82.17 2 0
github.com/krisarmstrong/niac-go/cmd/niac/validate.go:82.17,85.4 2 0
github.com/krisarmstrong/niac-go/cmd/niac/validate.go:86.3,86.26 1 0
github.com/krisarmstrong/niac-go/cmd/niac/validate.go:87.8,88.49 1 0
github.com/krisarmstrong/niac-go/cmd/niac/validate.go:88.49,90.4 1 0
github.com/krisarmstrong/niac-go/cmd/niac/validate.go:90.9,92.23 2 0
github.com/krisarmstrong/niac-go/cmd/niac/validate.go:92.23,94.5 1 0
github.com/krisarmstrong/niac-go/cmd/niac/validate.go:99.2,99.19 1 0
github.com/krisarmstrong/niac-go/cmd/niac/validate.go:99.19,101.3 1 0
github.com/krisarmstrong/niac-go/pkg/config/config.go:385.45,389.37 2 1
github.com/krisarmstrong/niac-go/pkg/config/config.go:389.37,391.3 1 1
github.com/krisarmstrong/niac-go/pkg/config/config.go:394.2,394.29 1 0
github.com/krisarmstrong/niac-go/pkg/config/config.go:399.51,401.16 2 0
github.com/krisarmstrong/niac-go/pkg/config/config.go:401.16,403.3 1 0
github.com/krisarmstrong/niac-go/pkg/config/config.go:404.2,414.21 6 0
github.com/krisarmstrong/niac-go/pkg/config/config.go:414.21,419.82 3 0
github.com/krisarmstrong/niac-go/pkg/config/config.go:419.82,420.12 1 0
github.com/krisarmstrong/niac-go/pkg/config/config.go:424.3,424.41 1 0
github.com/krisarmstrong/niac-go/pkg/config/config.go:424.41,426.22 2 0
github.com/krisarmstrong/niac-go/pkg/config/config.go:426.22,428.5 1 0
github.com/krisarmstrong/niac-go/pkg/config/config.go:430.4,437.12 4 0
github.com/krisarmstrong/niac-go/pkg/config/config.go:441.3,441.27 1 0
github.com/krisarmstrong/niac-go/pkg/config/config.go:441.27,442.36 1 0
github.com/krisarmstrong/niac-go/pkg/config/config.go:442.36,444.13 2 0
github.com/krisarmstrong/niac-go/pkg/config/config.go:448.4,449.23 2 0
github.com/krisarmstrong/niac-go/pkg/config/config.go:449.23,453.16 3 0
github.com/krisarmstrong/niac-go/pkg/config/config.go:454.17,455.32 1 0
github.com/krisarmstrong/niac-go/pkg/config/config.go:456.16,458.20 2 0
github.com/krisarmstrong/niac-go/pkg/config/config.go:458.20,460.7 1 0
github.com/krisarmstrong/niac-go/pkg/config/config.go:461.23,464.19 2 0
github.com/krisarmstrong/niac-go/pkg/config/config.go:464.19,466.7 1 0
github.com/krisarmstrong/niac-go/pkg/config/config.go:467.27,468.48 1 0
github.com/krisarmstrong/niac-go/pkg/config/config.go:469.20,470.46 1 0
github.com/krisarmstrong/niac-go/pkg/config/config.go:471.21,472.47 1 0
github.com/krisarmstrong/niac-go/pkg/config/config.go:473.23,474.49 1 0
github.com/krisarmstrong/niac-go/pkg/config/config.go:475.24,476.50 1 0
github.com/krisarmstrong/niac-go/pkg/config/config.go:477.17,478.47 1 0
github.com/krisarmstrong/niac-go/pkg/config/config.go:479.13,480.43 1 0
github.com/krisarmstrong/niac-go/pkg/config/config.go:486.2,486.38 1 0
github.com/krisarmstrong/niac-go/pkg/config/config.go:486.38,488.3 1 0
github.com/krisarmstrong/niac-go/pkg/config/config.go:491.2,491.27 1 0
github.com/krisarmstrong/niac-go/pkg/config/config.go:491.27,493.3 1 0
github.com/krisarmstrong/niac-go/pkg/config/config.go:495.2,495.17 1 0
github.com/krisarmstrong/niac-go/pkg/config/config.go:499.63,500.27 1 1
github.com/krisarmstrong/niac-go/pkg/config/config.go:500.27,501.55 1 1
github.com/krisarmstrong/niac-go/pkg/config/config.go:501.55,503.4 1 1
github.com/krisarmstrong/niac-go/pkg/config/config.go:505.2,505.12 1 1
github.com/krisarmstrong/niac-go/pkg/config/config.go:509.51,510.27 1 1
github.com/krisarmstrong/niac-go/pkg/config/config.go:510.27,511.53 1 1
github.com/krisarmstrong/niac-go/pkg/config/config.go:511.53,512.26 1 1
github.com/krisarmstrong/niac-go/pkg/config/config.go:512.26,514.5 1 1
github.com/krisarmstrong/niac-go/pkg/config/config.go:517.2,517.12 1 0
github.com/krisarmstrong/niac-go/pkg/config/config.go:521.49,524.16 2 1
github.com/krisarmstrong/niac-go/pkg/config/config.go:524.16,526.3 1 1
github.com/krisarmstrong/niac-go/pkg/config/config.go:529.2,532.48 2 1
github.com/krisarmstrong/niac-go/pkg/config/config.go:532.48,534.17 2 1
github.com/krisarmstrong/niac-go/pkg/config/config.go:534.17,536.4 1 1
github.com/krisarmstrong/niac-go/pkg/config/config.go:537.3,537.44 1 1
github.com/krisarmstrong/niac-go/pkg/config/config.go:541.2,541.27 1 1
github.com/krisarmstrong/niac-go/pkg/config/config.go:541.27,543.3 1 1
github.com/krisarmstrong/niac-go/pkg/config/config.go:545.2,545.17 1 1
github.com/krisarmstrong/niac-go/pkg/config/config.go:549.63,551.16 2 1
github.com/krisarmstrong/niac-go/pkg/config/config.go:551.16,553.3 1 1
github.com/krisarmstrong/niac-go/pkg/config/config.go:555.2,555.61 1 1
github.com/krisarmstrong/niac-go/pkg/config/config.go:555.61,557.3 1 0
github.com/krisarmstrong/niac-go/pkg/config/config.go:559.2,559.24 1 1
github.com/krisarmstrong/niac-go/pkg/config/config.go:563.61,570.42 2 1
github.com/krisarmstrong/niac-go/pkg/config/config.go:570.42,576.3 1 0
github.com/krisarmstrong/niac-go/pkg/config/config.go:579.2,579.42 1 1
github.com/krisarmstrong/niac-go/pkg/config/config.go:579.42,582.48 2 0
github.com/krisarmstrong/niac-go/pkg/config/config.go:582.48,587.4 1 0
github.com/krisarmstrong/niac-go/pkg/config/config.go:589.3,589.47 1 0
github.com/krisarmstrong/niac-go/pkg/config/config.go:589.47,594.4 1 0
github.com/krisarmstrong/niac-go/pkg/config/config.go:596.3,596.47 1 0
github.com/krisarmstrong/niac-go/pkg/config/config.go:596.47,601.4 1 0
github.com/krisarmstrong/niac-go/pkg/config/config.go:603.3,603.47 1 0
github.com/krisarmstrong/niac-go/pkg/config/config.go:603.47,608.4 1 0
github.com/krisarmstrong/niac-go/pkg/config/config.go:611.2,611.12 1 1
github.com/krisarmstrong/niac-go/pkg/config/config.go:615.89,628.26 2 1
github.com/krisarmstrong/niac-go/pkg/config/config.go:628.26,630.17 2 1
github.com/krisarmstrong/niac-go/pkg/config/config.go:630.17,632.4 1 1
github.com/krisarmstrong/niac-go/pkg/config/config.go:633.3,633.26 1 1
github.com/krisarmstrong/niac-go/pkg/config/config.go:637.2,637.69 1 1
github.com/krisarmstrong/niac-go/pkg/config/config.go:637.69,639.3 1 1
github.com/krisarmstrong/niac-go/pkg/config/config.go:642.2,642.81 1 1
github.com/krisarmstrong/niac-go/pkg/config/config.go:642.81,644.3 1 0
github.com/krisarmstrong/niac-go/pkg/config/config.go:647.2,647.25 1 1
github.com/krisarmstrong/niac-go/pkg/config/config.go:647.25,649.3 1 0
github.com/krisarmstrong/niac-go/pkg/config/config.go:652.2,652.73 1 1
github.com/krisarmstrong/niac-go/pkg/config/config.go:652.73,654.3 1 0
github.com/krisarmstrong/niac-go/pkg/config/config.go:656.2,656.20 1 1
github.com/krisarmstrong/niac-go/pkg/config/config.go:660.81,662.25 1 1
github.com/krisarmstrong/niac-go/pkg/config/config.go:662.25,664.16 2 1
github.com/krisarmstrong/niac-go/pkg/config/config.go:664.16,666.4 1 1
github.com/krisarmstrong/niac-go/pkg/config/config.go:667.3,667.54 1 1
github.com/krisarmstrong/niac-go/pkg/config/config.go:671.2,671.39 1 1
github.com/krisarmstrong/niac-go/pkg/config/config.go:671.39,673.16 2 1
github.com/krisarmstrong/niac-go/pkg/config/config.go:673.16,675.4 1 0
github.com/krisarmstrong/niac-go/pkg/config/config.go:676.3,676.54 1 1
github.com/krisarmstrong/niac-go/pkg/config/config.go:679.2,679.12 1 1
github.com/krisarmstrong/niac-go/pkg/config/config.go:683.100,684.33 1 1
github.com/krisarmstrong/niac-go/pkg/config/config.go:684.33,685.42 1 1
github.com/krisarmstrong/niac-go/pkg/config/config.go:685.42,688.18 2 0
github.com/krisarmstrong/niac-go/pkg/config/config.go:688.18,690.5 1 0
github.com/krisarmstrong/niac-go/pkg/config/config.go:691.4,691.41 1 0
github.com/krisarmstrong/niac-go/pkg/config/config.go:695.3,695.44 1 1
github.com/krisarmstrong/niac-go/pkg/config/config.go:695.44,697.4 1 0
github.com/krisarmstrong/niac-go/pkg/config/config.go:700.3,700.40 1 1
github.com/krisarmstrong/niac-go/pkg/config/config.go:700.40,702.18 2 1
github.com/krisarmstrong/niac-go/pkg/config/config.go:702.18,704.5 1 0
github.com/krisarmstrong/niac-go/pkg/config/config.go:705.4,705.38 1 1
github.com/krisarmstrong/niac-go/pkg/config/config.go:709.2,709.12 1 1
github.com/krisarmstrong/niac-go/pkg/config/config.go:713.85,717.92 2 1
github.com/krisarmstrong/niac-go/pkg/config/config.go:717.92,719.3 1 0
github.com/krisarmstrong/niac-go/pkg/config/config.go:722.2,722.89 1 1
github.com/krisarmstrong/niac-go/pkg/config/config.go:722.89,724.3 1 0
github.com/krisarmstrong/niac-go/pkg/config/config.go:727.2,743.81 11 1
github.com/krisarmstrong/niac-go/pkg/config/config.go:743.81,745.3 1 0
github.com/krisarmstrong/niac-go/pkg/config/config.go:748.2,750.12 2 1
github.com/krisarmstrong/niac-go/pkg/config/config.go:754.97,755.24 1 1
github.com/krisarmstrong/niac-go/pkg/config/config.go:755.24,757.3 1 1
github.com/krisarmstrong/niac-go/pkg/config/config.go:759.2,769.27 2 0
github.com/krisarmstrong/niac-go/pkg/config/config.go:769.27,771.32 2 0
github.com/krisarmstrong/niac-go/pkg/config/config.go:771.32,773.4 1 0
github.com/krisarmstrong/niac-go/pkg/config/config.go:775.2,775.32 1 0
github.com/krisarmstrong/niac-go/pkg/config/config.go:775.32,777.3 1 0
github.com/krisarmstrong/niac-go/pkg/config/config.go:778.2,778.31 1 0
github.com/krisarmstrong/niac-go/pkg/config/config.go:778.31,780.3 1 0
github.com/krisarmstrong/niac-go/pkg/config/config.go:781.2,781.35 1 0
github.com/krisarmstrong/niac-go/pkg/config/config.go:781.35,783.3 1 0
github.com/krisarmstrong/niac-go/pkg/config/config.go:784.2,784.25 1 0
github.com/krisarmstrong/niac-go/pkg/config/config.go:784.25,786.3 1 0
github.com/krisarmstrong/niac-go/pkg/config/config.go:788.2,788.19 1 0
github.com/krisarmstrong/niac-go/pkg/config/config.go:792.66,793.21 1 1
github.com/krisarmstrong/niac-go/pkg/config/config.go:793.21,795.3 1 1
github.com/krisarmstrong/niac-go/pkg/config/config.go:797.2,803.22 2 0
github.com/krisarmstrong/niac-go/pkg/config/config.go:803.22,805.3 1 0
github.com/krisarmstrong/niac-go/pkg/config/config.go:807.2,807.16 1 0
github.com/krisarmstrong/niac-go/pkg/config/config.go:811.74,812.23 1 1
github.com/krisarmstrong/niac-go/pkg/config/config.go:812.23,814.3 1 1
github.com/krisarmstrong/niac-go/pkg/config/config.go:816.2,822.29 2 0
github.com/krisarmstrong/niac-go/pkg/config/config.go:822.29,824.3 1 0
github.com/krisarmstrong/niac-go/pkg/config/config.go:826.2,826.18 1 0
github.com/krisarmstrong/niac-go/pkg/config/config.go:830.83,831.23 1 1
github.com/krisarmstrong/niac-go/pkg/config/config.go:831.23,833.3 1 1
github.com/krisarmstrong/niac-go/pkg/config/config.go:835.2,846.38 2 0
github.com/krisarmstrong/niac-go/pkg/config/config.go:846.38,848.3 1 0
github.com/krisarmstrong/niac-go/pkg/config/config.go:849.2,849.34 1 0
github.com/krisarmstrong/niac-go/pkg/config/config.go:849.34,851.3 1 0
github.com/krisarmstrong/niac-go/pkg/config/config.go:854.2,854.40 1 0
github.com/krisarmstrong/niac-go/pkg/config/config.go:854.40,860.3 1 0
github.com/krisarmstrong/niac-go/pkg/config/config.go:863.2,863.47 1 0
github.com/krisarmstrong/niac-go/pkg/config/config.go:863.47,864.43 1 0
github.com/krisarmstrong/niac-go/pkg/config/config.go:864.43,866.4 1 0
github.com/krisarmstrong/niac-go/pkg/config/config.go:870.2,870.49 1 0
github.com/krisarmstrong/niac-go/pkg/config/config.go:870.49,871.44 1 0
github.com/krisarmstrong/niac-go/pkg/config/config.go:871.44,873.4 1 0
github.com/krisarmstrong/niac-go/pkg/config/config.go:877.2,877.47 1 0
github.com/krisarmstrong/niac-go/pkg/config/config.go:877.47,878.43 1 0
github.com/krisarmstrong/niac-go/pkg/config/config.go:878.43,880.4 1 0
github.com/krisarmstrong/niac-go/pkg/config/config.go:884.2,884.47 1 0
github.com/krisarmstrong/niac-go/pkg/config/config.go:884.47,885.43 1 0
github.com/krisarmstrong/niac-go/pkg/config/config.go:885.43,887.4 1 0
github.com/krisarmstrong/niac-go/pkg/config/config.go:890.2,890.23 1 0
github.com/krisarmstrong/niac-go/pkg/config/config.go:894.78,895.24 1 1
github.com/krisarmstrong/niac-go/pkg/config/config.go:895.24,897.3 1 1
github.com/krisarmstrong/niac-go/pkg/config/config.go:899.2,904.41 2 1
github.com/krisarmstrong/niac-go/pkg/config/config.go:904.41,909.27 2 1
github.com/krisarmstrong/niac-go/pkg/config/config.go:909.27,911.4 1 1
github.com/krisarmstrong/niac-go/pkg/config/config.go:912.3,912.39 1 1
github.com/krisarmstrong/niac-go/pkg/config/config.go:916.2,916.38 1 1
github.com/krisarmstrong/niac-go/pkg/config/config.go:916.38,922.28 2 1
github.com/krisarmstrong/niac-go/pkg/config/config.go:922.28,924.4 1 1
github.com/krisarmstrong/niac-go/pkg/config/config.go:925.3,925.31 1 1
github.com/krisarmstrong/niac-go/pkg/config/config.go:925.31,927.4 1 1
github.com/krisarmstrong/niac-go/pkg/config/config.go:928.3,928.37 1 1
github.com/krisarmstrong/niac-go/pkg/config/config.go:932.2,932.38 1 1
github.com/krisarmstrong/niac-go/pkg/config/config.go:932.38,939.30 2 1
github.com/krisarmstrong/niac-go/pkg/config/config.go:939.30,941.4 1 1
github.com/krisarmstrong/niac-go/pkg/config/config.go:942.3,942.33 1 1
github.com/krisarmstrong/niac-go/pkg/config/config.go:942.33,944.4 1 1
github.com/krisarmstrong/niac-go/pkg/config/config.go:945.3,945.35 1 1
github.com/krisarmstrong/niac-go/pkg/config/config.go:945.35,947.4 1 1
github.com/krisarmstrong/niac-go/pkg/config/config.go:948.3,948.39 1 1
github.com/krisarmstrong/niac-go/pkg/config/config.go:951.2,951.19 1 1
github.com/krisarmstrong/niac-go/pkg/config/config.go:955.82,962.32 2 1
github.com/krisarmstrong/niac-go/pkg/config/config.go:962.32,967.3 1 1
github.com/krisarmstrong/niac-go/pkg/config/config.go:970.2,970.32 1 1
github.com/krisarmstrong/niac-go/pkg/config/config.go:970.32,976.3 1 1
github.com/krisarmstrong/niac-go/pkg/config/config.go:979.2,979.44 1 1
github.com/krisarmstrong/niac-go/pkg/config/config.go:979.44,984.3 1 0
github.com/krisarmstrong/niac-go/pkg/config/config.go:987.2,987.30 1 1
github.com/krisarmstrong/niac-go/pkg/config/config.go:987.30,993.32 2 1
github.com/krisarmstrong/niac-go/pkg/config/config.go:993.32,995.4 1 1
github.com/krisarmstrong/niac-go/pkg/config/config.go:996.3,996.31 1 1
github.com/krisarmstrong/niac-go/pkg/config/config.go:996.31,998.4 1 1
github.com/krisarmstrong/niac-go/pkg/config/config.go:999.3,999.32 1 1
github.com/krisarmstrong/niac-go/pkg/config/config.go:1003.2,1003.33 1 1
github.com/krisarmstrong/niac-go/pkg/config/config.go:1003.33,1009.32 2 1
github.com/krisarmstrong/niac-go/pkg/config/config.go:1009.32,1011.4 1 1
github.com/krisarmstrong/niac-go/pkg/config/config.go:1012.3,1012.31 1 1
github.com/krisarmstrong/niac-go/pkg/config/config.go:1012.31,1014.4 1 1
github.com/krisarmstrong/niac-go/pkg/config/config.go:1015.3,1015.35 1 1
github.com/krisarmstrong/niac-go/pkg/config/config.go:1019.2,1019.38 1 1
github.com/krisarmstrong/niac-go/pkg/config/config.go:1019.38,1025.30 2 1
github.com/krisarmstrong/niac-go/pkg/config/config.go:1025.30,1027.4 1 1
github.com/krisarmstrong/niac-go/pkg/config/config.go:1028.3,1028.29 1 1
github.com/krisarmstrong/niac-go/pkg/config/config.go:1028.29,1030.4 1 1
github.com/krisarmstrong/niac-go/pkg/config/config.go:1031.3,1031.38 1 1
github.com/krisarmstrong/niac-go/pkg/config/config.go:1034.2,1034.22 1 1
github.com/krisarmstrong/niac-go/pkg/config/config.go:1038.94,1039.21 1 1
github.com/krisarmstrong/niac-go/pkg/config/config.go:1039.21,1041.3 1 1
github.com/krisarmstrong/niac-go/pkg/config/config.go:1043.2,1046.31 2 0
github.com/krisarmstrong/niac-go/pkg/config/config.go:1046.31,1047.56 1 0
github.com/krisarmstrong/niac-go/pkg/config/config.go:1047.56,1049.4 1 0
github.com/krisarmstrong/niac-go/pkg/config/config.go:1051.2,1051.27 1 0
github.com/krisarmstrong/niac-go/pkg/config/config.go:1051.27,1053.3 1 0
github.com/krisarmstrong/niac-go/pkg/config/config.go:1054.2,1054.37 1 0
github.com/krisarmstrong/niac-go/pkg/config/config.go:1054.37,1055.62 1 0
github.com/krisarmstrong/niac-go/pkg/config/config.go:1055.62,1057.4 1 0
github.com/krisarmstrong/niac-go/pkg/config/config.go:1059.2,1059.37 1 0
github.com/krisarmstrong/niac-go/pkg/config/config.go:1059.37,1061.3 1 0
github.com/krisarmstrong/niac-go/pkg/config/config.go:1062.2,1062.33 1 0
github.com/krisarmstrong/niac-go/pkg/config/config.go:1062.33,1064.3 1 0
github.com/krisarmstrong/niac-go/pkg/config/config.go:1067.2,1067.45 1 0
github.com/krisarmstrong/niac-go/pkg/config/config.go:1067.45,1068.43 1 0
github.com/krisarmstrong/niac-go/pkg/config/config.go:1068.43,1070.4 1 0
github.com/krisarmstrong/niac-go/pkg/config/config.go:1072.2,1075.35 4 0
github.com/krisarmstrong/niac-go/pkg/config/config.go:1075.35,1078.3 1 0
github.com/krisarmstrong/niac-go/pkg/config/config.go:1081.2,1081.49 1 0
github.com/krisarmstrong/niac-go/pkg/config/config.go:1081.49,1082.44 1 0
github.com/krisarmstrong/niac-go/pkg/config/config.go:1082.44,1084.4 1 0
github.com/krisarmstrong/niac-go/pkg/config/config.go:1086.2,1086.47 1 0
github.com/krisarmstrong/niac-go/pkg/config/config.go:1086.47,1087.43 1 0
github.com/krisarmstrong/niac-go/pkg/config/config.go:1087.43,1089.4 1 0
github.com/krisarmstrong/niac-go/pkg/config/config.go:1091.2,1091.47 1 0
github.com/krisarmstrong/niac-go/pkg/config/config.go:1091.47,1092.43 1 0
github.com/krisarmstrong/niac-go/pkg/config/config.go:1092.43,1094.4 1 0
github.com/krisarmstrong/niac-go/pkg/config/config.go:1096.2,1099.46 2 0
github.com/krisarmstrong/niac-go/pkg/config/config.go:1099.46,1101.22 2 0
github.com/krisarmstrong/niac-go/pkg/config/config.go:1101.22,1102.12 1 0
github.com/krisarmstrong/niac-go/pkg/config/config.go:1104.3,1105.17 2 0
github.com/krisarmstrong/niac-go/pkg/config/config.go:1105.17,1106.12 1 0
github.com/krisarmstrong/niac-go/pkg/config/config.go:1108.3,1112.30 2 0
github.com/krisarmstrong/niac-go/pkg/config/config.go:1112.30,1113.64 1 0
github.com/krisarmstrong/niac-go/pkg/config/config.go:1113.64,1115.5 1 0
github.com/krisarmstrong/niac-go/pkg/config/config.go:1117.3,1117.65 1 0
github.com/krisarmstrong/niac-go/pkg/config/config.go:1120.2,1120.21 1 0
github.com/krisarmstrong/niac-go/pkg/config/config.go:1124.90,1125.20 1 1
github.com/krisarmstrong/niac-go/pkg/config/config.go:1125.20,1127.3 1 1
github.com/krisarmstrong/niac-go/pkg/config/config.go:1129.2,1132.48 2 0
github.com/krisarmstrong/niac-go/pkg/config/config.go:1132.48,1134.16 2 0
github.com/krisarmstrong/niac-go/pkg/config/config.go:1134.16,1135.12 1 0
github.com/krisarmstrong/niac-go/pkg/config/config.go:1137.3,1138.21 2 0
github.com/krisarmstrong/niac-go/pkg/config/config.go:1138.21,1140.22 1 0
github.com/krisarmstrong/niac-go/pkg/config/config.go:1140.22,1143.5 1 0
github.com/krisarmstrong/niac-go/pkg/config/config.go:1144.4,1144.31 1 0
github.com/krisarmstrong/niac-go/pkg/config/config.go:1144.31,1147.5 1 0
github.com/krisarmstrong/niac-go/pkg/config/config.go:1148.4,1148.28 1 0
github.com/krisarmstrong/niac-go/pkg/config/config.go:1150.3,1154.5 1 0
github.com/krisarmstrong/niac-go/pkg/config/config.go:1158.2,1158.48 1 0
github.com/krisarmstrong/niac-go/pkg/config/config.go:1158.48,1160.16 2 0
github.com/krisarmstrong/niac-go/pkg/config/config.go:1160.16,1161.12 1 0
github.com/krisarmstrong/niac-go/pkg/config/config.go:1163.3,1164.21 2 0
github.com/krisarmstrong/niac-go/pkg/config/config.go:1164.21,1166.22 1 0
github.com/krisarmstrong/niac-go/pkg/config/config.go:1166.22,1169.5 1 0
github.com/krisarmstrong/niac-go/pkg/config/config.go:1170.4,1170.31 1 0
github.com/krisarmstrong/niac-go/pkg/config/config.go:1170.31,1173.5 1 0
github.com/krisarmstrong/niac-go/pkg/config/config.go:1174.4,1174.28 1 0
github.com/krisarmstrong/niac-go/pkg/config/config.go:1176.3,1180.5 1 0
github.com/krisarmstrong/niac-go/pkg/config/config.go:1183.2,1183.20 1 0
github.com/krisarmstrong/niac-go/pkg/config/config.go:1187.66,1188.21 1 1
github.com/krisarmstrong/niac-go/pkg/config/config.go:1188.21,1190.3 1 1
github.com/krisarmstrong/niac-go/pkg/config/config.go:1192.2,1201.36 2 1
github.com/krisarmstrong/niac-go/pkg/config/config.go:1201.36,1203.3 1 0
github.com/krisarmstrong/niac-go/pkg/config/config.go:1204.2,1204.22 1 1
github.com/krisarmstrong/niac-go/pkg/config/config.go:1204.22,1206.3 1 0
github.com/krisarmstrong/niac-go/pkg/config/config.go:1207.2,1207.33 1 1
github.com/krisarmstrong/niac-go/pkg/config/config.go:1207.33,1209.3 1 0
github.com/krisarmstrong/niac-go/pkg/config/config.go:1210.2,1210.16 1 1
github.com/krisarmstrong/niac-go/pkg/config/config.go:1214.62,1215.20 1 1
github.com/krisarmstrong/niac-go/pkg/config/config.go:1215.20,1217.3 1 1
github.com/krisarmstrong/niac-go/pkg/config/config.go:1219.2,1229.35 2 1
github.com/krisarmstrong/niac-go/pkg/config/config.go:1229.35,1231.3 1 1
github.com/krisarmstrong/niac-go/pkg/config/config.go:1232.2,1232.26 1 1
github.com/krisarmstrong/niac-go/pkg/config/config.go:1232.26,1234.3 1 1
github.com/krisarmstrong/niac-go/pkg/config/config.go:1235.2,1235.25 1 1
github.com/krisarmstrong/niac-go/pkg/config/config.go:1235.25,1237.3 1 0
github.com/krisarmstrong/niac-go/pkg/config/config.go:1238.2,1238.15 1 1
github.com/krisarmstrong/niac-go/pkg/config/config.go:1242.62,1243.20 1 1
github.com/krisarmstrong/niac-go/pkg/config/config.go:1243.20,1245.3 1 1
github.com/krisarmstrong/niac-go/pkg/config/config.go:1247.2,1254.35 2 0
github.com/krisarmstrong/niac-go/pkg/config/config.go:1254.35,1256.3 1 0
github.com/krisarmstrong/niac-go/pkg/config/config.go:1257.2,1257.15 1 0
github.com/krisarmstrong/niac-go/pkg/config/config.go:1261.62,1262.20 1 1
github.com/krisarmstrong/niac-go/pkg/config/config.go:1262.20,1264.3 1 1
github.com/krisarmstrong/niac-go/pkg/config/config.go:1266.2,1275.35 2 0
github.com/krisarmstrong/niac-go/pkg/config/config.go:1275.35,1277.3 1 0
github.com/krisarmstrong/niac-go/pkg/config/config.go:1278.2,1278.26 1 0
github.com/krisarmstrong/niac-go/pkg/config/config.go:1278.26,1280.3 1 0
github.com/krisarmstrong/niac-go/pkg/config/config.go:1281.2,1281.15 1 0
github.com/krisarmstrong/niac-go/pkg/config/config.go:1285.62,1286.20 1 1
github.com/krisarmstrong/niac-go/pkg/config/config.go:1286.20,1288.3 1 1
github.com/krisarmstrong/niac-go/pkg/config/config.go:1290.2,1299.32 2 0
github.com/krisarmstrong/niac-go/pkg/config/config.go:1299.32,1301.3 1 0
github.com/krisarmstrong/niac-go/pkg/config/config.go:1302.2,1302.27 1 0
github.com/krisarmstrong/niac-go/pkg/config/config.go:1302.27,1304.3 1 0
github.com/krisarmstrong/niac-go/pkg/config/config.go:1305.2,1305.24 1 0
github.com/krisarmstrong/niac-go/pkg/config/config.go:1305.24,1307.3 1 0
github.com/krisarmstrong/niac-go/pkg/config/config.go:1308.2,1308.30 1 0
github.com/krisarmstrong/niac-go/pkg/config/config.go:1308.30,1310.3 1 0
github.com/krisarmstrong/niac-go/pkg/config/config.go:1311.2,1311.26 1 0
github.com/krisarmstrong/niac-go/pkg/config/config.go:1311.26,1313.3 1 0
github.com/krisarmstrong/niac-go/pkg/config/config.go:1314.2,1314.15 1 0
github.com/krisarmstrong/niac-go/pkg/config/config.go:1318.85,1319.21 1 1
github.com/krisarmstrong/niac-go/pkg/config/config.go:1319.21,1321.3 1 1
github.com/krisarmstrong/niac-go/pkg/config/config.go:1323.2,1329.30 2 0
github.com/krisarmstrong/niac-go/pkg/config/config.go:1329.30,1331.3 1 0
github.com/krisarmstrong/niac-go/pkg/config/config.go:1333.2,1333.40 1 0
github.com/krisarmstrong/niac-go/pkg/config/config.go:1333.40,1342.28 2 0
github.com/krisarmstrong/niac-go/pkg/config/config.go:1342.28,1344.4 1 0
github.com/krisarmstrong/niac-go/pkg/config/config.go:1345.3,1345.31 1 0
github.com/krisarmstrong/niac-go/pkg/config/config.go:1345.31,1347.4 1 0
github.com/krisarmstrong/niac-go/pkg/config/config.go:1348.3,1348.33 1 0
github.com/krisarmstrong/niac-go/pkg/config/config.go:1348.33,1350.4 1 0
github.com/krisarmstrong/niac-go/pkg/config/config.go:1351.3,1351.58 1 0
github.com/krisarmstrong/niac-go/pkg/config/config.go:1353.2,1353.16 1 0
github.com/krisarmstrong/niac-go/pkg/config/config.go:1357.81,1358.20 1 1
github.com/krisarmstrong/niac-go/pkg/config/config.go:1358.20,1360.3 1 1
github.com/krisarmstrong/niac-go/pkg/config/config.go:1362.2,1370.32 2 0
github.com/krisarmstrong/niac-go/pkg/config/config.go:1370.32,1372.3 1 0
github.com/krisarmstrong/niac-go/pkg/config/config.go:1373.2,1373.29 1 0
github.com/krisarmstrong/niac-go/pkg/config/config.go:1373.29,1375.3 1 0
github.com/krisarmstrong/niac-go/pkg/config/config.go:1377.2,1377.34 1 0
github.com/krisarmstrong/niac-go/pkg/config/config.go:1377.34,1383.25 2 0
github.com/krisarmstrong/niac-go/pkg/config/config.go:1383.25,1385.4 1 0
github.com/krisarmstrong/niac-go/pkg/config/config.go:1386.3,1386.44 1 0
github.com/krisarmstrong/niac-go/pkg/config/config.go:1388.2,1388.15 1 0
github.com/krisarmstrong/niac-go/pkg/config/config.go:1393.57,1398.35 2 1
github.com/krisarmstrong/niac-go/pkg/config/config.go:1398.35,1400.49 2 1
github.com/krisarmstrong/niac-go/pkg/config/config.go:1400.49,1401.12 1 1
github.com/krisarmstrong/niac-go/pkg/config/config.go:1404.3,1405.21 2 1
github.com/krisarmstrong/niac-go/pkg/config/config.go:1405.21,1407.4 1 1
github.com/krisarmstrong/niac-go/pkg/config/config.go:1409.3,1410.17 2 1
github.com/krisarmstrong/niac-go/pkg/config/config.go:1410.17,1412.4 1 0
github.com/krisarmstrong/niac-go/pkg/config/config.go:1414.3,1415.16 2 1
github.com/krisarmstrong/niac-go/pkg/config/config.go:1415.16,1417.4 1 0
github.com/krisarmstrong/niac-go/pkg/config/config.go:1419.3,1431.22 2 1
github.com/krisarmstrong/niac-go/pkg/config/config.go:1431.22,1433.4 1 1
github.com/krisarmstrong/niac-go/pkg/config/config.go:1435.3,1435.44 1 1
github.com/krisarmstrong/niac-go/pkg/config/config.go:1438.2,1438.17 1 1
github.com/krisarmstrong/niac-go/pkg/config/config.go:1442.37,1446.25 3 1
github.com/krisarmstrong/niac-go/pkg/config/config.go:1446.25,1448.3 1 1
github.com/krisarmstrong/niac-go/pkg/config/config.go:1449.2,1449.12 1 1
github.com/krisarmstrong/niac-go/pkg/config/config.go:1454.82,1459.39 2 1
github.com/krisarmstrong/niac-go/pkg/config/config.go:1459.39,1461.3 1 1
github.com/krisarmstrong/niac-go/pkg/config/config.go:1464.2,1465.31 2 1
github.com/krisarmstrong/niac-go/pkg/config/config.go:1465.31,1467.3 1 0
github.com/krisarmstrong/niac-go/pkg/config/config.go:1467.8,1467.27 1 1
github.com/krisarmstrong/niac-go/pkg/config/config.go:1467.27,1469.3 1 1
github.com/krisarmstrong/niac-go/pkg/config/config.go:1469.8,1471.3 1 1
github.com/krisarmstrong/niac-go/pkg/config/config.go:1474.2,1475.16 2 1
github.com/krisarmstrong/niac-go/pkg/config/config.go:1475.16,1476.25 1 1
github.com/krisarmstrong/niac-go/pkg/config/config.go:1476.25,1478.4 1 1
github.com/krisarmstrong/niac-go/pkg/config/config.go:1479.3,1479.96 1 0
github.com/krisarmstrong/niac-go/pkg/config/config.go:1483.2,1483.30 1 1
github.com/krisarmstrong/niac-go/pkg/config/config.go:1483.30,1485.3 1 0
github.com/krisarmstrong/niac-go/pkg/config/config.go:1487.2,1487.22 1 1
github.com/krisarmstrong/niac-go/pkg/config/config.go:1491.47,1494.38 2 1
github.com/krisarmstrong/niac-go/pkg/config/config.go:1494.38,1496.17 2 1
github.com/krisarmstrong/niac-go/pkg/config/config.go:1496.17,1498.4 1 1
github.com/krisarmstrong/niac-go/pkg/config/config.go:1499.3,1499.25 1 1
github.com/krisarmstrong/niac-go/pkg/config/config.go:1502.2,1502.38 1 1
github.com/krisarmstrong/niac-go/pkg/config/config.go:1502.38,1504.3 1 1
github.com/krisarmstrong/niac-go/pkg/config/config.go:1506.2,1506.31 1 1
github.com/krisarmstrong/niac-go/pkg/config/errors.go:36.38,37.32 1 1
github.com/krisarmstrong/niac-go/pkg/config/errors.go:37.32,39.3 1 1
github.com/krisarmstrong/niac-go/pkg/config/errors.go:40.2,40.16 1 1
github.com/krisarmstrong/niac-go/pkg/config/errors.go:40.16,42.3 1 1
github.com/krisarmstrong/niac-go/pkg/config/errors.go:43.2,43.49 1 1
github.com/krisarmstrong/niac-go/pkg/config/errors.go:47.39,51.33 2 1
github.com/krisarmstrong/niac-go/pkg/config/errors.go:51.33,53.3 1 1
github.com/krisarmstrong/niac-go/pkg/config/errors.go:53.8,53.42 1 1
github.com/krisarmstrong/niac-go/pkg/config/errors.go:53.42,55.3 1 1
github.com/krisarmstrong/niac-go/pkg/config/errors.go:55.8,57.3 1 0
github.com/krisarmstrong/niac-go/pkg/config/errors.go:59.2,62.18 3 1
github.com/krisarmstrong/niac-go/pkg/config/errors.go:62.18,65.3 2 1
github.com/krisarmstrong/niac-go/pkg/config/errors.go:67.2,70.16 2 1
github.com/krisarmstrong/niac-go/pkg/config/errors.go:70.16,71.19 1 1
github.com/krisarmstrong/niac-go/pkg/config/errors.go:71.19,73.4 1 1
github.com/krisarmstrong/niac-go/pkg/config/errors.go:73.9,75.4 1 0
github.com/krisarmstrong/niac-go/pkg/config/errors.go:76.3,81.20 3 1
github.com/krisarmstrong/niac-go/pkg/config/errors.go:81.20,84.4 2 1
github.com/krisarmstrong/niac-go/pkg/config/errors.go:85.3,87.19 2 1
github.com/krisarmstrong/niac-go/pkg/config/errors.go:87.19,91.4 3 1
github.com/krisarmstrong/niac-go/pkg/config/errors.go:92.3,92.25 1 1
github.com/krisarmstrong/niac-go/pkg/config/errors.go:96.2,99.22 2 1
github.com/krisarmstrong/niac-go/pkg/config/errors.go:99.22,101.3 1 1
github.com/krisarmstrong/niac-go/pkg/config/errors.go:102.2,102.17 1 1
github.com/krisarmstrong/niac-go/pkg/config/errors.go:102.17,104.3 1 1
github.com/krisarmstrong/niac-go/pkg/config/errors.go:107.2,107.24 1 1
github.com/krisarmstrong/niac-go/pkg/config/errors.go:107.24,109.3 1 1
github.com/krisarmstrong/niac-go/pkg/config/errors.go:111.2,111.19 1 1
github.com/krisarmstrong/niac-go/pkg/config/errors.go:123.42,124.24 1 0
github.com/krisarmstrong/niac-go/pkg/config/errors.go:124.24,126.3 1 0
github.com/krisarmstrong/niac-go/pkg/config/errors.go:127.2,127.24 1 0
github.com/krisarmstrong/niac-go/pkg/config/errors.go:127.24,129.3 1 0
github.com/krisarmstrong/niac-go/pkg/config/errors.go:130.2,130.68 1 0
github.com/krisarmstrong/niac-go/pkg/config/errors.go:134.49,135.35 1 1
github.com/krisarmstrong/niac-go/pkg/config/errors.go:135.35,138.3 2 1
github.com/krisarmstrong/niac-go/pkg/config/errors.go:138.8,138.44 1 1
github.com/krisarmstrong/niac-go/pkg/config/errors.go:138.44,140.3 1 1
github.com/krisarmstrong/niac-go/pkg/config/errors.go:144.44,146.2 1 1
github.com/krisarmstrong/niac-go/pkg/config/errors.go:149.46,151.2 1 1
github.com/krisarmstrong/niac-go/pkg/config/errors.go:154.43,157.23 2 1
github.com/krisarmstrong/niac-go/pkg/config/errors.go:157.23,159.32 2 1
github.com/krisarmstrong/niac-go/pkg/config/errors.go:159.32,160.13 1 1
github.com/krisarmstrong/niac-go/pkg/config/errors.go:160.13,162.5 1 0
github.com/krisarmstrong/niac-go/pkg/config/errors.go:163.4,163.31 1 1
github.com/krisarmstrong/niac-go/pkg/config/errors.go:167.2,167.25 1 1
github.com/krisarmstrong/niac-go/pkg/config/errors.go:167.25,168.24 1 1
github.com/krisarmstrong/niac-go/pkg/config/errors.go:168.24,170.4 1 1
github.com/krisarmstrong/niac-go/pkg/config/errors.go:171.3,172.35 2 1
github.com/krisarmstrong/niac-go/pkg/config/errors.go:172.35,173.13 1 1
github.com/krisarmstrong/niac-go/pkg/config/errors.go:173.13,175.5 1 0
github.com/krisarmstrong/niac-go/pkg/config/errors.go:176.4,176.32 1 1
github.com/krisarmstrong/niac-go/pkg/config/errors.go:181.2,184.19 2 1
github.com/krisarmstrong/niac-go/pkg/config/errors.go:188.52,190.16 2 1
github.com/krisarmstrong/niac-go/pkg/config/errors.go:190.16,192.3 1 0
github.com/krisarmstrong/niac-go/pkg/config/errors.go:193.2,193.26 1 1
github.com/krisarmstrong/niac-go/pkg/config/errors.go:197.63,204.2 1 1
github.com/krisarmstrong/niac-go/pkg/config/errors.go:207.65,214.2 1 1
github.com/krisarmstrong/niac-go/pkg/config/validator.go:18.43,23.2 1 1
github.com/krisarmstrong/niac-go/pkg/config/validator.go:26.60,27.16 1 1
github.com/krisarmstrong/niac-go/pkg/config/validator.go:27.16,30.3 2 1
github.com/krisarmstrong/niac-go/pkg/config/validator.go:33.2,33.27 1 1
github.com/krisarmstrong/niac-go/pkg/config/validator.go:33.27,35.3 1 1
github.com/krisarmstrong/niac-go/pkg/config/validator.go:37.2,41.37 4 1
github.com/krisarmstrong/niac-go/pkg/config/validator.go:41.37,43.3 1 1
github.com/krisarmstrong/niac-go/pkg/config/validator.go:45.2,45.17 1 1
github.com/krisarmstrong/niac-go/pkg/config/validator.go:49.133,53.23 2 1
github.com/krisarmstrong/niac-go/pkg/config/validator.go:53.23,55.3 1 1
github.com/krisarmstrong/niac-go/pkg/config/validator.go:55.8,56.25 1 1
github.com/krisarmstrong/niac-go/pkg/config/validator.go:56.25,58.4 1 1
github.com/krisarmstrong/niac-go/pkg/config/validator.go:59.3,59.28 1 1
github.com/krisarmstrong/niac-go/pkg/config/validator.go:63.2,63.23 1 1
github.com/krisarmstrong/niac-go/pkg/config/validator.go:63.23,65.3 1 1
github.com/krisarmstrong/niac-go/pkg/config/validator.go:65.8,67.41 2 1
github.com/krisarmstrong/niac-go/pkg/config/validator.go:67.41,70.4 1 0
github.com/krisarmstrong/niac-go/pkg/config/validator.go:74.2,74.32 1 1
github.com/krisarmstrong/niac-go/pkg/config/validator.go:74.32,76.16 2 1
github.com/krisarmstrong/niac-go/pkg/config/validator.go:76.16,78.4 1 0
github.com/krisarmstrong/niac-go/pkg/config/validator.go:78.9,79.51 1 1
github.com/krisarmstrong/niac-go/pkg/config/validator.go:79.51,82.5 1 1
github.com/krisarmstrong/niac-go/pkg/config/validator.go:83.4,83.27 1 1
github.com/krisarmstrong/niac-go/pkg/config/validator.go:88.2,88.40 1 1
github.com/krisarmstrong/niac-go/pkg/config/validator.go:88.40,89.16 1 1
github.com/krisarmstrong/niac-go/pkg/config/validator.go:89.16,91.12 2 0
github.com/krisarmstrong/niac-go/pkg/config/validator.go:94.3,95.51 2 1
github.com/krisarmstrong/niac-go/pkg/config/validator.go:95.51,98.4 1 1
github.com/krisarmstrong/niac-go/pkg/config/validator.go:99.3,99.27 1 1
github.com/krisarmstrong/niac-go/pkg/config/validator.go:103.2,104.38 2 1
github.com/krisarmstrong/niac-go/pkg/config/validator.go:108.70,109.72 1 1
github.com/krisarmstrong/niac-go/pkg/config/validator.go:109.72,111.3 1 1
github.com/krisarmstrong/niac-go/pkg/config/validator.go:113.2,117.57 3 1
github.com/krisarmstrong/niac-go/pkg/config/validator.go:117.57,118.104 1 1
github.com/krisarmstrong/niac-go/pkg/config/validator.go:118.104,120.4 1 1
github.com/krisarmstrong/niac-go/pkg/config/validator.go:123.2,123.63 1 1
github.com/krisarmstrong/niac-go/pkg/config/validator.go:123.63,124.110 1 0
github.com/krisarmstrong/niac-go/pkg/config/validator.go:124.110,126.4 1 0
github.com/krisarmstrong/niac-go/pkg/config/validator.go:130.2,130.43 1 1
github.com/krisarmstrong/niac-go/pkg/config/validator.go:130.43,131.21 1 1
github.com/krisarmstrong/niac-go/pkg/config/validator.go:131.21,133.12 2 0
github.com/krisarmstrong/niac-go/pkg/config/validator.go:137.3,138.17 2 1
github.com/krisarmstrong/niac-go/pkg/config/validator.go:138.17,140.46 1 1
github.com/krisarmstrong/niac-go/pkg/config/validator.go:140.46,143.5 1 1
github.com/krisarmstrong/niac-go/pkg/config/validator.go:144.9,145.42 1 1
github.com/krisarmstrong/niac-go/pkg/config/validator.go:145.42,148.5 1 0
github.com/krisarmstrong/niac-go/pkg/config/validator.go:154.71,155.29 1 1
github.com/krisarmstrong/niac-go/pkg/config/validator.go:155.29,157.3 1 1
github.com/krisarmstrong/niac-go/pkg/config/validator.go:159.2,163.44 3 1
github.com/krisarmstrong/niac-go/pkg/config/validator.go:163.44,166.24 2 1
github.com/krisarmstrong/niac-go/pkg/config/validator.go:166.24,168.4 1 1
github.com/krisarmstrong/niac-go/pkg/config/validator.go:168.9,169.39 1 0
github.com/krisarmstrong/niac-go/pkg/config/validator.go:169.39,171.5 1 0
github.com/krisarmstrong/niac-go/pkg/config/validator.go:174.3,174.23 1 1
github.com/krisarmstrong/niac-go/pkg/config/validator.go:174.23,176.4 1 0
github.com/krisarmstrong/niac-go/pkg/config/validator.go:180.2,180.44 1 1
github.com/krisarmstrong/niac-go/pkg/config/validator.go:180.44,183.23 2 0
github.com/krisarmstrong/niac-go/pkg/config/validator.go:183.23,185.4 1 0
github.com/krisarmstrong/niac-go/pkg/config/validator.go:187.3,187.24 1 0
github.com/krisarmstrong/niac-go/pkg/config/validator.go:187.24,189.4 1 0
github.com/krisarmstrong/niac-go/pkg/config/validator.go:194.70,195.30 1 1
github.com/krisarmstrong/niac-go/pkg/config/validator.go:195.30,197.3 1 1
github.com/krisarmstrong/niac-go/pkg/config/validator.go:198.2,198.12 1 0
github.com/krisarmstrong/niac-go/pkg/config/validator.go:203.53,206.2 2 1
github.com/krisarmstrong/niac-go/pkg/config/validator.go:208.55,211.2 2 1
github.com/krisarmstrong/niac-go/pkg/config/validator.go:213.49,214.26 1 1
github.com/krisarmstrong/niac-go/pkg/config/validator.go:214.26,215.16 1 1
github.com/krisarmstrong/niac-go/pkg/config/validator.go:215.16,217.4 1 1
github.com/krisarmstrong/niac-go/pkg/config/validator.go:219.2,219.14 1 0
github.com/krisarmstrong/niac-go/pkg/config/validator.go:224.44,225.23 1 0
github.com/krisarmstrong/niac-go/pkg/config/validator.go:225.23,227.3 1 0
github.com/krisarmstrong/niac-go/pkg/config/validator.go:228.2,228.40 1 0
github.com/krisarmstrong/niac-go/pkg/config/validator.go:232.44,234.15 2 0
github.com/krisarmstrong/niac-go/pkg/config/validator.go:234.15,236.3 1 0
github.com/krisarmstrong/niac-go/pkg/config/validator.go:237.2,237.12 1 0
github.com/krisarmstrong/niac-go/pkg/config/validator.go:241.46,243.16 2 0
github.com/krisarmstrong/niac-go/pkg/config/validator.go:243.16,245.3 1 0
github.com/krisarmstrong/niac-go/pkg/config/validator.go:246.2,246.12 1 0
github.com/krisarmstrong/niac-go/pkg/config/validator.go:250.35,251.30 1 0
github.com/krisarmstrong/niac-go/pkg/config/validator.go:251.30,253.3 1 0
github.com/krisarmstrong/niac-go/pkg/config/validator.go:254.2,254.12 1 0
github.com/krisarmstrong/niac-go/pkg/device/simulator.go:65.121,76.29 2 1
[...]
github.com/krisarmstrong/niac-go/pkg/protocols/stack.go:160.36,162.3 1 0
github.com/krisarmstrong/niac-go/pkg/protocols/stack.go:164.2,164.12 1 0
github.com/krisarmstrong/niac-go/pkg/protocols/stack.go:168.24,169.16 1 0
github.com/krisarmstrong/niac-go/pkg/protocols/stack.go:169.16,171.3 1 0
github.com/krisarmstrong/niac-go/pkg/protocols/stack.go:173.2,184.36 8 0
github.com/krisarmstrong/niac-go/pkg/protocols/stack.go:184.36,186.3 1 0
github.com/krisarmstrong/niac-go/pkg/protocols/stack.go:190.33,195.16 3 0
github.com/krisarmstrong/niac-go/pkg/protocols/stack.go:195.16,196.10 1 0
github.com/krisarmstrong/niac-go/pkg/protocols/stack.go:197.21,198.10 1 0
github.com/krisarmstrong/niac-go/pkg/protocols/stack.go:199.11,202.18 2 0
github.com/krisarmstrong/niac-go/pkg/protocols/stack.go:202.18,203.39 1 0
github.com/krisarmstrong/niac-go/pkg/protocols/stack.go:203.39,205.6 1 0
github.com/krisarmstrong/niac-go/pkg/protocols/stack.go:206.5,206.13 1 0
github.com/krisarmstrong/niac-go/pkg/protocols/stack.go:209.4,209.22 1 0
github.com/krisarmstrong/niac-go/pkg/protocols/stack.go:209.22,210.13 1 0
github.com/krisarmstrong/niac-go/pkg/protocols/stack.go:214.4,220.18 6 0
github.com/krisarmstrong/niac-go/pkg/protocols/stack.go:220.18,224.13 4 0
github.com/krisarmstrong/niac-go/pkg/protocols/stack.go:227.4,232.11 4 0
github.com/krisarmstrong/niac-go/pkg/protocols/stack.go:233.28,233.28 0 0
github.com/krisarmstrong/niac-go/pkg/protocols/stack.go:234.12,236.39 1 0
github.com/krisarmstrong/niac-go/pkg/protocols/stack.go:236.39,238.6 1 0
github.com/krisarmstrong/niac-go/pkg/protocols/stack.go:245.32,248.16 2 0
github.com/krisarmstrong/niac-go/pkg/protocols/stack.go:248.16,249.10 1 0
github.com/krisarmstrong/niac-go/pkg/protocols/stack.go:250.21,251.10 1 0
github.com/krisarmstrong/niac-go/pkg/protocols/stack.go:252.29,253.23 1 0
github.com/krisarmstrong/niac-go/pkg/protocols/stack.go:254.45,254.45 0 0
github.com/krisarmstrong/niac-go/pkg/protocols/stack.go:261.43,265.84 2 0
github.com/krisarmstrong/niac-go/pkg/protocols/stack.go:265.84,268.3 2 0
github.com/krisarmstrong/niac-go/pkg/protocols/stack.go:271.2,272.84 1 0
github.com/krisarmstrong/niac-go/pkg/protocols/stack.go:272.84,275.3 2 0
github.com/krisarmstrong/niac-go/pkg/protocols/stack.go:278.2,279.84 1 0
github.com/krisarmstrong/niac-go/pkg/protocols/stack.go:279.84,282.3 2 0
github.com/krisarmstrong/niac-go/pkg/protocols/stack.go:285.2,286.84 1 0
github.com/krisarmstrong/niac-go/pkg/protocols/stack.go:286.84,289.3 2 0
github.com/krisarmstrong/niac-go/pkg/protocols/stack.go:292.2,293.84 1 0
github.com/krisarmstrong/niac-go/pkg/protocols/stack.go:293.84,296.3 2 0
github.com/krisarmstrong/niac-go/pkg/protocols/stack.go:299.2,303.32 3 0
github.com/krisarmstrong/niac-go/pkg/protocols/stack.go:303.32,307.3 2 0
github.com/krisarmstrong/niac-go/pkg/protocols/stack.go:309.2,309.36 1 0
github.com/krisarmstrong/niac-go/pkg/protocols/stack.go:309.36,311.3 1 0
github.com/krisarmstrong/niac-go/pkg/protocols/stack.go:314.2,314.19 1 0
github.com/krisarmstrong/niac-go/pkg/protocols/stack.go:315.20,316.33 1 0
github.com/krisarmstrong/niac-go/pkg/protocols/stack.go:317.19,318.32 1 0
github.com/krisarmstrong/niac-go/pkg/protocols/stack.go:319.21,320.34 1 0
github.com/krisarmstrong/niac-go/pkg/protocols/stack.go:321.21,322.34 1 0
github.com/krisarmstrong/niac-go/pkg/protocols/stack.go:323.20,324.33 1 0
github.com/krisarmstrong/niac-go/pkg/protocols/stack.go:325.20,326.33 1 0
github.com/krisarmstrong/niac-go/pkg/protocols/stack.go:327.10,328.37 1 0
github.com/krisarmstrong/niac-go/pkg/protocols/stack.go:328.37,330.4 1 0
github.com/krisarmstrong/niac-go/pkg/protocols/stack.go:335.30,338.16 2 0
github.com/krisarmstrong/niac-go/pkg/protocols/stack.go:338.16,339.10 1 0
github.com/krisarmstrong/niac-go/pkg/protocols/stack.go:340.21,341.10 1 0
github.com/krisarmstrong/niac-go/pkg/protocols/stack.go:342.29,343.21 1 0
github.com/krisarmstrong/niac-go/pkg/protocols/stack.go:344.45,344.45 0 0
github.com/krisarmstrong/niac-go/pkg/protocols/stack.go:351.41,352.21 1 0
github.com/krisarmstrong/niac-go/pkg/protocols/stack.go:352.21,354.3 1 0
github.com/krisarmstrong/niac-go/pkg/protocols/stack.go:356.2,357.16 2 0
github.com/krisarmstrong/niac-go/pkg/protocols/stack.go:357.16,358.37 1 0
github.com/krisarmstrong/niac-go/pkg/protocols/stack.go:358.37,360.4 1 0
github.com/krisarmstrong/niac-go/pkg/protocols/stack.go:361.3,364.9 4 0
github.com/krisarmstrong/niac-go/pkg/protocols/stack.go:367.2,371.36 4 0
github.com/krisarmstrong/niac-go/pkg/protocols/stack.go:371.36,373.3 1 0
github.com/krisarmstrong/niac-go/pkg/protocols/stack.go:376.2,376.22 1 0
github.com/krisarmstrong/niac-go/pkg/protocols/stack.go:376.22,377.13 1 0
github.com/krisarmstrong/niac-go/pkg/protocols/stack.go:377.13,379.17 2 0
github.com/krisarmstrong/niac-go/pkg/protocols/stack.go:379.17,381.5 1 0
github.com/krisarmstrong/niac-go/pkg/protocols/stack.go:387.32,393.16 4 0
github.com/krisarmstrong/niac-go/pkg/protocols/stack.go:393.16,394.10 1 0
github.com/krisarmstrong/niac-go/pkg/protocols/stack.go:395.21,396.10 1 0
github.com/krisarmstrong/niac-go/pkg/protocols/stack.go:397.19,397.19 0 0
github.com/krisarmstrong/niac-go/pkg/protocols/stack.go:405.35,406.9 1 1
github.com/krisarmstrong/niac-go/pkg/protocols/stack.go:407.26,407.26 0 1
github.com/krisarmstrong/niac-go/pkg/protocols/stack.go:408.10,409.37 1 0
github.com/krisarmstrong/niac-go/pkg/protocols/stack.go:409.37,411.4 1 0
github.com/krisarmstrong/niac-go/pkg/protocols/stack.go:416.50,430.2 7 0
github.com/krisarmstrong/niac-go/pkg/protocols/stack.go:433.43,435.2 1 1
github.com/krisarmstrong/niac-go/pkg/protocols/stack.go:438.39,454.2 3 1
github.com/krisarmstrong/niac-go/pkg/protocols/stack.go:457.44,461.14 3 1
github.com/krisarmstrong/niac-go/pkg/protocols/stack.go:462.22,463.24 1 1
github.com/krisarmstrong/niac-go/pkg/protocols/stack.go:464.21,465.23 1 1
github.com/krisarmstrong/niac-go/pkg/protocols/stack.go:466.23,467.25 1 1
github.com/krisarmstrong/niac-go/pkg/protocols/stack.go:468.22,469.24 1 1
github.com/krisarmstrong/niac-go/pkg/protocols/stack.go:470.21,471.23 1 0
github.com/krisarmstrong/niac-go/pkg/protocols/stack.go:472.23,473.25 1 0
github.com/krisarmstrong/niac-go/pkg/protocols/stack.go:478.37,480.2 1 1
github.com/krisarmstrong/niac-go/pkg/protocols/stack.go:483.60,485.2 1 0
github.com/krisarmstrong/niac-go/pkg/protocols/stack.go:488.55,490.2 1 0
github.com/krisarmstrong/niac-go/pkg/protocols/stack.go:493.47,495.2 1 0
github.com/krisarmstrong/niac-go/pkg/protocols/stack.go:498.51,500.2 1 0
github.com/krisarmstrong/niac-go/pkg/protocols/stack.go:503.45,505.2 1 0
github.com/krisarmstrong/niac-go/pkg/protocols/stp.go:86.62,96.2 1 1
github.com/krisarmstrong/niac-go/pkg/protocols/stp.go:99.48,101.26 1 0
github.com/krisarmstrong/niac-go/pkg/protocols/stp.go:101.26,102.24 1 0
github.com/krisarmstrong/niac-go/pkg/protocols/stp.go:102.24,104.4 1 0
github.com/krisarmstrong/niac-go/pkg/protocols/stp.go:105.3,105.9 1 0
github.com/krisarmstrong/niac-go/pkg/protocols/stp.go:109.2,116.34 4 0
github.com/krisarmstrong/niac-go/pkg/protocols/stp.go:116.34,117.24 1 0
github.com/krisarmstrong/niac-go/pkg/protocols/stp.go:117.24,119.4 1 0
github.com/krisarmstrong/niac-go/pkg/protocols/stp.go:120.3,120.9 1 0
github.com/krisarmstrong/niac-go/pkg/protocols/stp.go:123.2,130.33 5 0
github.com/krisarmstrong/niac-go/pkg/protocols/stp.go:130.33,131.24 1 0
github.com/krisarmstrong/niac-go/pkg/protocols/stp.go:131.24,133.4 1 0
github.com/krisarmstrong/niac-go/pkg/protocols/stp.go:134.3,134.9 1 0
github.com/krisarmstrong/niac-go/pkg/protocols/stp.go:137.2,137.23 1 0
github.com/krisarmstrong/niac-go/pkg/protocols/stp.go:137.23,140.3 1 0
github.com/krisarmstrong/niac-go/pkg/protocols/stp.go:142.2,144.18 2 0
github.com/krisarmstrong/niac-go/pkg/protocols/stp.go:145.22,146.34 1 0
github.com/krisarmstrong/niac-go/pkg/protocols/stp.go:147.19,148.19 1 0
github.com/krisarmstrong/niac-go/pkg/protocols/stp.go:149.10,150.24 1 0
github.com/krisarmstrong/niac-go/pkg/protocols/stp.go:150.24,152.4 1 0
github.com/krisarmstrong/niac-go/pkg/protocols/stp.go:157.64,161.20 2 0
github.com/krisarmstrong/niac-go/pkg/protocols/stp.go:161.20,162.24 1 0
github.com/krisarmstrong/niac-go/pkg/protocols/stp.go:162.24,164.4 1 0
github.com/krisarmstrong/niac-go/pkg/protocols/stp.go:165.3,165.9 1 0
github.com/krisarmstrong/niac-go/pkg/protocols/stp.go:168.2,178.23 10 0
github.com/krisarmstrong/niac-go/pkg/protocols/stp.go:178.23,184.3 3 0
github.com/krisarmstrong/niac-go/pkg/protocols/stp.go:187.2,194.16 6 0
github.com/krisarmstrong/niac-go/pkg/protocols/stp.go:198.45,199.23 1 0
github.com/krisarmstrong/niac-go/pkg/protocols/stp.go:199.23,201.3 1 0
github.com/krisarmstrong/niac-go/pkg/protocols/stp.go:208.66,209.33 1 0
github.com/krisarmstrong/niac-go/pkg/protocols/stp.go:209.33,211.3 1 0
github.com/krisarmstrong/niac-go/pkg/protocols/stp.go:214.2,214.58 1 0
github.com/krisarmstrong/niac-go/pkg/protocols/stp.go:214.58,216.3 1 0
github.com/krisarmstrong/niac-go/pkg/protocols/stp.go:219.2,224.29 5 0
github.com/krisarmstrong/niac-go/pkg/protocols/stp.go:224.29,225.42 1 0
github.com/krisarmstrong/niac-go/pkg/protocols/stp.go:225.42,227.4 1 0
github.com/krisarmstrong/niac-go/pkg/protocols/stp.go:228.3,228.37 1 0
github.com/krisarmstrong/niac-go/pkg/protocols/stp.go:228.37,230.4 1 0
github.com/krisarmstrong/niac-go/pkg/protocols/stp.go:231.3,231.34 1 0
github.com/krisarmstrong/niac-go/pkg/protocols/stp.go:231.34,233.4 1 0
github.com/krisarmstrong/niac-go/pkg/protocols/stp.go:234.3,234.40 1 0
github.com/krisarmstrong/niac-go/pkg/protocols/stp.go:234.40,236.4 1 0
github.com/krisarmstrong/niac-go/pkg/protocols/stp.go:240.2,241.16 2 0
github.com/krisarmstrong/niac-go/pkg/protocols/stp.go:241.16,243.3 1 0
github.com/krisarmstrong/niac-go/pkg/protocols/stp.go:246.2,265.23 12 0
github.com/krisarmstrong/niac-go/pkg/protocols/stp.go:265.23,268.3 1 0
github.com/krisarmstrong/niac-go/pkg/protocols/stp.go:269.2,305.20 16 0
github.com/krisarmstrong/niac-go/pkg/protocols/stp.go:305.20,307.3 1 0
github.com/krisarmstrong/niac-go/pkg/protocols/stp.go:310.2,323.23 7 0
github.com/krisarmstrong/niac-go/pkg/protocols/stp.go:323.23,325.3 1 0
github.com/krisarmstrong/niac-go/pkg/protocols/stp.go:327.2,327.12 1 0
github.com/krisarmstrong/niac-go/pkg/protocols/stp.go:331.81,333.41 2 1
github.com/krisarmstrong/niac-go/pkg/protocols/stp.go:333.41,335.3 1 1
github.com/krisarmstrong/niac-go/pkg/protocols/stp.go:336.2,336.17 1 1
github.com/krisarmstrong/niac-go/pkg/protocols/stp.go:340.57,342.2 1 1
github.com/krisarmstrong/niac-go/pkg/protocols/stp.go:345.41,348.2 1 1
github.com/krisarmstrong/niac-go/pkg/protocols/stp.go:351.47,353.2 1 0
github.com/krisarmstrong/niac-go/pkg/protocols/tcp.go:26.46,30.2 1 1
github.com/krisarmstrong/niac-go/pkg/protocols/tcp.go:33.96,39.21 4 0
github.com/krisarmstrong/niac-go/pkg/protocols/tcp.go:39.21,40.22 1 0
github.com/krisarmstrong/niac-go/pkg/protocols/tcp.go:40.22,42.4 1 0
github.com/krisarmstrong/niac-go/pkg/protocols/tcp.go:43.3,43.9 1 0
github.com/krisarmstrong/niac-go/pkg/protocols/tcp.go:46.2,47.9 2 0
github.com/krisarmstrong/niac-go/pkg/protocols/tcp.go:47.9,49.3 1 0
github.com/krisarmstrong/niac-go/pkg/protocols/tcp.go:51.2,51.21 1 0
github.com/krisarmstrong/niac-go/pkg/protocols/tcp.go:51.21,53.14 2 0
github.com/krisarmstrong/niac-go/pkg/protocols/tcp.go:53.14,55.4 1 0
github.com/krisarmstrong/niac-go/pkg/protocols/tcp.go:56.3,56.14 1 0
github.com/krisarmstrong/niac-go/pkg/protocols/tcp.go:56.14,58.4 1 0
github.com/krisarmstrong/niac-go/pkg/protocols/tcp.go:59.3,59.14 1 0
github.com/krisarmstrong/niac-go/pkg/protocols/tcp.go:59.14,61.4 1 0
github.com/krisarmstrong/niac-go/pkg/protocols/tcp.go:62.3,62.14 1 0
github.com/krisarmstrong/niac-go/pkg/protocols/tcp.go:62.14,64.4 1 0
github.com/krisarmstrong/niac-go/pkg/protocols/tcp.go:65.3,67.46 1 0
github.com/krisarmstrong/niac-go/pkg/protocols/tcp.go:71.2,71.21 1 0
github.com/krisarmstrong/niac-go/pkg/protocols/tcp.go:72.19,74.27 1 0
github.com/krisarmstrong/niac-go/pkg/protocols/tcp.go:74.27,76.4 1 0
github.com/krisarmstrong/niac-go/pkg/protocols/tcp.go:77.18,79.27 1 0
github.com/krisarmstrong/niac-go/pkg/protocols/tcp.go:79.27,81.4 1 0
github.com/krisarmstrong/niac-go/pkg/protocols/tcp.go:82.10,84.26 1 0
github.com/krisarmstrong/niac-go/pkg/protocols/tcp.go:84.26,86.4 1 0
github.com/krisarmstrong/niac-go/pkg/protocols/tcp.go:91.95,95.33 2 0
github.com/krisarmstrong/niac-go/pkg/protocols/tcp.go:95.33,96.34 1 0
github.com/krisarmstrong/niac-go/pkg/protocols/tcp.go:96.34,97.12 1 0
github.com/krisarmstrong/niac-go/pkg/protocols/tcp.go:101.3,102.47 2 0
github.com/krisarmstrong/niac-go/pkg/protocols/tcp.go:102.47,103.37 1 0
github.com/krisarmstrong/niac-go/pkg/protocols/tcp.go:103.37,105.10 2 0
github.com/krisarmstrong/niac-go/pkg/protocols/tcp.go:108.3,108.13 1 0
github.com/krisarmstrong/niac-go/pkg/protocols/tcp.go:108.13,109.12 1 0
github.com/krisarmstrong/niac-go/pkg/protocols/tcp.go:114.3,116.61 3 0
github.com/krisarmstrong/niac-go/pkg/protocols/tcp.go:116.61,118.4 1 0
github.com/krisarmstrong/niac-go/pkg/protocols/tcp.go:118.9,121.23 1 0
github.com/krisarmstrong/niac-go/pkg/protocols/tcp.go:121.23,123.5 1 0
github.com/krisarmstrong/niac-go/pkg/protocols/tcp.go:124.4,124.12 1 0
github.com/krisarmstrong/niac-go/pkg/protocols/tcp.go:128.3,164.17 8 0
github.com/krisarmstrong/niac-go/pkg/protocols/tcp.go:164.17,165.23 1 0
github.com/krisarmstrong/niac-go/pkg/protocols/tcp.go:165.23,167.5 1 0
github.com/krisarmstrong/niac-go/pkg/protocols/tcp.go:168.4,168.12 1 0
github.com/krisarmstrong/niac-go/pkg/protocols/tcp.go:172.3,187.22 7 0
github.com/krisarmstrong/niac-go/pkg/protocols/tcp.go:187.22,191.4 1 0
github.com/krisarmstrong/niac-go/pkg/protocols/tcp.go:193.3,193.8 1 0
github.com/krisarmstrong/niac-go/pkg/protocols/tcp.go:198.150,247.16 13 0
github.com/krisarmstrong/niac-go/pkg/protocols/tcp.go:247.16,249.3 1 0
github.com/krisarmstrong/niac-go/pkg/protocols/tcp.go:252.2,266.34 7 0
github.com/krisarmstrong/niac-go/pkg/protocols/tcp.go:266.34,269.3 1 0
github.com/krisarmstrong/niac-go/pkg/protocols/tcp.go:271.2,271.12 1 0
github.com/krisarmstrong/niac-go/pkg/protocols/tcp.go:275.119,280.21 3 0
github.com/krisarmstrong/niac-go/pkg/protocols/tcp.go:280.21,281.22 1 0
github.com/krisarmstrong/niac-go/pkg/protocols/tcp.go:281.22,283.4 1 0
github.com/krisarmstrong/niac-go/pkg/protocols/tcp.go:284.3,284.9 1 0
github.com/krisarmstrong/niac-go/pkg/protocols/tcp.go:287.2,288.9 2 0
github.com/krisarmstrong/niac-go/pkg/protocols/tcp.go:288.9,290.3 1 0
github.com/krisarmstrong/niac-go/pkg/protocols/tcp.go:292.2,292.21 1 0
github.com/krisarmstrong/niac-go/pkg/protocols/tcp.go:292.21,294.14 2 0
github.com/krisarmstrong/niac-go/pkg/protocols/tcp.go:294.14,296.4 1 0
github.com/krisarmstrong/niac-go/pkg/protocols/tcp.go:297.3,297.14 1 0
github.com/krisarmstrong/niac-go/pkg/protocols/tcp.go:297.14,299.4 1 0
github.com/krisarmstrong/niac-go/pkg/protocols/tcp.go:300.3,300.14 1 0
github.com/krisarmstrong/niac-go/pkg/protocols/tcp.go:300.14,302.4 1 0
github.com/krisarmstrong/niac-go/pkg/protocols/tcp.go:303.3,303.14 1 0
github.com/krisarmstrong/niac-go/pkg/protocols/tcp.go:303.14,305.4 1 0
github.com/krisarmstrong/niac-go/pkg/protocols/tcp.go:306.3,308.46 1 0
github.com/krisarmstrong/niac-go/pkg/protocols/tcp.go:312.2,312.21 1 0
github.com/krisarmstrong/niac-go/pkg/protocols/tcp.go:313.19,315.27 1 0
github.com/krisarmstrong/niac-go/pkg/protocols/tcp.go:315.27,317.4 1 0
github.com/krisarmstrong/niac-go/pkg/protocols/tcp.go:318.18,320.27 1 0
github.com/krisarmstrong/niac-go/pkg/protocols/tcp.go:320.27,322.4 1 0
github.com/krisarmstrong/niac-go/pkg/protocols/tcp.go:323.10,325.26 1 0
github.com/krisarmstrong/niac-go/pkg/protocols/tcp.go:325.26,327.4 1 0
github.com/krisarmstrong/niac-go/pkg/protocols/tcp.go:332.94,336.33 2 0
github.com/krisarmstrong/niac-go/pkg/protocols/tcp.go:336.33,337.34 1 0
github.com/krisarmstrong/niac-go/pkg/protocols/tcp.go:337.34,338.12 1 0
github.com/krisarmstrong/niac-go/pkg/protocols/tcp.go:342.3,343.47 2 0
github.com/krisarmstrong/niac-go/pkg/protocols/tcp.go:343.47,344.34 1 0
github.com/krisarmstrong/niac-go/pkg/protocols/tcp.go:344.34,346.10 2 0
github.com/krisarmstrong/niac-go/pkg/protocols/tcp.go:349.3,349.13 1 0
github.com/krisarmstrong/niac-go/pkg/protocols/tcp.go:349.13,350.12 1 0
github.com/krisarmstrong/niac-go/pkg/protocols/tcp.go:354.3,356.61 3 0
github.com/krisarmstrong/niac-go/pkg/protocols/tcp.go:356.61,358.4 1 0
github.com/krisarmstrong/niac-go/pkg/protocols/tcp.go:358.9,359.23 1 0
github.com/krisarmstrong/niac-go/pkg/protocols/tcp.go:359.23,361.5 1 0
github.com/krisarmstrong/niac-go/pkg/protocols/tcp.go:362.4,362.12 1 0
github.com/krisarmstrong/niac-go/pkg/protocols/tcp.go:366.3,401.17 8 0
github.com/krisarmstrong/niac-go/pkg/protocols/tcp.go:401.17,402.23 1 0
github.com/krisarmstrong/niac-go/pkg/protocols/tcp.go:402.23,404.5 1 0
github.com/krisarmstrong/niac-go/pkg/protocols/tcp.go:405.4,405.12 1 0
github.com/krisarmstrong/niac-go/pkg/protocols/tcp.go:409.3,423.22 7 0
github.com/krisarmstrong/niac-go/pkg/protocols/tcp.go:423.22,427.4 1 0
github.com/krisarmstrong/niac-go/pkg/protocols/tcp.go:429.3,429.8 1 0
github.com/krisarmstrong/niac-go/pkg/protocols/udp.go:25.46,29.2 1 1
github.com/krisarmstrong/niac-go/pkg/protocols/udp.go:32.96,38.21 4 0
github.com/krisarmstrong/niac-go/pkg/protocols/udp.go:38.21,39.22 1 0
github.com/krisarmstrong/niac-go/pkg/protocols/udp.go:39.22,41.4 1 0
github.com/krisarmstrong/niac-go/pkg/protocols/udp.go:42.3,42.9 1 0
github.com/krisarmstrong/niac-go/pkg/protocols/udp.go:45.2,46.9 2 0
github.com/krisarmstrong/niac-go/pkg/protocols/udp.go:46.9,48.3 1 0
github.com/krisarmstrong/niac-go/pkg/protocols/udp.go:50.2,50.21 1 0
github.com/krisarmstrong/niac-go/pkg/protocols/udp.go:50.21,53.3 1 0
github.com/krisarmstrong/niac-go/pkg/protocols/udp.go:56.2,56.21 1 0
github.com/krisarmstrong/niac-go/pkg/protocols/udp.go:57.18,59.61 1 0
github.com/krisarmstrong/niac-go/pkg/protocols/udp.go:60.19,62.63 1 0
github.com/krisarmstrong/niac-go/pkg/protocols/udp.go:63.19,66.22 1 0
github.com/krisarmstrong/niac-go/pkg/protocols/udp.go:66.22,68.4 1 0
github.com/krisarmstrong/niac-go/pkg/protocols/udp.go:69.30,71.70 1 0
github.com/krisarmstrong/niac-go/pkg/protocols/udp.go:72.34,74.74 1 0
github.com/krisarmstrong/niac-go/pkg/protocols/udp.go:75.10,76.22 1 0
github.com/krisarmstrong/niac-go/pkg/protocols/udp.go:76.22,78.4 1 0
github.com/krisarmstrong/niac-go/pkg/protocols/udp.go:83.121,121.16 8 0
github.com/krisarmstrong/niac-go/pkg/protocols/udp.go:121.16,123.3 1 0
github.com/krisarmstrong/niac-go/pkg/protocols/udp.go:126.2,140.34 7 0
github.com/krisarmstrong/niac-go/pkg/protocols/udp.go:140.34,143.3 1 0
github.com/krisarmstrong/niac-go/pkg/protocols/udp.go:145.2,145.12 1 0
github.com/krisarmstrong/niac-go/pkg/protocols/udp.go:149.119,154.21 3 0
github.com/krisarmstrong/niac-go/pkg/protocols/udp.go:154.21,155.22 1 0
github.com/krisarmstrong/niac-go/pkg/protocols/udp.go:155.22,157.4 1 0
github.com/krisarmstrong/niac-go/pkg/protocols/udp.go:158.3,158.9 1 0
github.com/krisarmstrong/niac-go/pkg/protocols/udp.go:161.2,162.9 2 0
github.com/krisarmstrong/niac-go/pkg/protocols/udp.go:162.9,164.3 1 0
github.com/krisarmstrong/niac-go/pkg/protocols/udp.go:166.2,166.21 1 0
github.com/krisarmstrong/niac-go/pkg/protocols/udp.go:166.21,169.3 1 0
github.com/krisarmstrong/niac-go/pkg/protocols/udp.go:172.2,172.21 1 0
github.com/krisarmstrong/niac-go/pkg/protocols/udp.go:173.18,175.68 1 0
github.com/krisarmstrong/niac-go/pkg/protocols/udp.go:176.19,178.22 1 0
github.com/krisarmstrong/niac-go/pkg/protocols/udp.go:178.22,180.4 1 0
github.com/krisarmstrong/niac-go/pkg/protocols/udp.go:181.11,183.62 1 0
github.com/krisarmstrong/niac-go/pkg/protocols/udp.go:184.30,186.70 1 0
github.com/krisarmstrong/niac-go/pkg/protocols/udp.go:187.34,189.74 1 0
github.com/krisarmstrong/niac-go/pkg/protocols/udp.go:190.10,191.22 1 0
github.com/krisarmstrong/niac-go/pkg/protocols/udp.go:191.22,193.4 1 0
